ERROR - 2021-12-16 00:02:27 --> Error connecting to the database: No connection could be made because the target machine actively refused it.

CRITICAL - 2021-12-16 00:02:27 --> Unable to connect to the database.
Main connection [MySQLi]: No connection could be made because the target machine actively refused it.

#0 C:\xampp\htdocs\Penyakit Tanaman\system\Database\BaseConnection.php(577): CodeIgniter\Database\BaseConnection->initialize()
#1 C:\xampp\htdocs\Penyakit Tanaman\system\Database\BaseBuilder.php(1443): CodeIgniter\Database\BaseConnection->query('SELECT *\nFROM `...', Array, false)
#2 C:\xampp\htdocs\Penyakit Tanaman\system\Model.php(183): CodeIgniter\Database\BaseBuilder->get()
#3 C:\xampp\htdocs\Penyakit Tanaman\system\BaseModel.php(584): CodeIgniter\Model->doFindAll(0, 0)
#4 C:\xampp\htdocs\Penyakit Tanaman\app\Controllers\Home.php(13): CodeIgniter\BaseModel->findAll()
#5 C:\xampp\htdocs\Penyakit Tanaman\system\CodeIgniter.php(824): App\Controllers\Home->index()
#6 C:\xampp\htdocs\Penyakit Tanaman\system\CodeIgniter.php(410): CodeIgniter\CodeIgniter->runController(Object(App\Controllers\Home))
#7 C:\xampp\htdocs\Penyakit Tanaman\system\CodeIgniter.php(318): CodeIgniter\CodeIgniter->handleRequest(NULL, Object(Config\Cache), false)
#8 C:\xampp\htdocs\Penyakit Tanaman\public\index.php(37): CodeIgniter\CodeIgniter->run()
#9 C:\xampp\htdocs\Penyakit Tanaman\system\Commands\Server\rewrite.php(43): require_once('C:\\xampp\\htdocs...')
#10 {main}
ERROR - 2021-12-16 00:02:31 --> Error connecting to the database: No connection could be made because the target machine actively refused it.

CRITICAL - 2021-12-16 00:02:31 --> Unable to connect to the database.
Main connection [MySQLi]: No connection could be made because the target machine actively refused it.

#0 C:\xampp\htdocs\Penyakit Tanaman\system\Database\BaseConnection.php(577): CodeIgniter\Database\BaseConnection->initialize()
#1 C:\xampp\htdocs\Penyakit Tanaman\system\Database\BaseBuilder.php(1443): CodeIgniter\Database\BaseConnection->query('SELECT *\nFROM `...', Array, false)
#2 C:\xampp\htdocs\Penyakit Tanaman\system\Model.php(183): CodeIgniter\Database\BaseBuilder->get()
#3 C:\xampp\htdocs\Penyakit Tanaman\system\BaseModel.php(584): CodeIgniter\Model->doFindAll(0, 0)
#4 C:\xampp\htdocs\Penyakit Tanaman\app\Controllers\Home.php(13): CodeIgniter\BaseModel->findAll()
#5 C:\xampp\htdocs\Penyakit Tanaman\system\CodeIgniter.php(824): App\Controllers\Home->index()
#6 C:\xampp\htdocs\Penyakit Tanaman\system\CodeIgniter.php(410): CodeIgniter\CodeIgniter->runController(Object(App\Controllers\Home))
#7 C:\xampp\htdocs\Penyakit Tanaman\system\CodeIgniter.php(318): CodeIgniter\CodeIgniter->handleRequest(NULL, Object(Config\Cache), false)
#8 C:\xampp\htdocs\Penyakit Tanaman\public\index.php(37): CodeIgniter\CodeIgniter->run()
#9 C:\xampp\htdocs\Penyakit Tanaman\system\Commands\Server\rewrite.php(43): require_once('C:\\xampp\\htdocs...')
#10 {main}
ERROR - 2021-12-16 00:02:47 --> Error connecting to the database: No connection could be made because the target machine actively refused it.

CRITICAL - 2021-12-16 00:02:47 --> Unable to connect to the database.
Main connection [MySQLi]: No connection could be made because the target machine actively refused it.

#0 C:\xampp\htdocs\Penyakit Tanaman\system\Database\BaseConnection.php(577): CodeIgniter\Database\BaseConnection->initialize()
#1 C:\xampp\htdocs\Penyakit Tanaman\system\Database\BaseBuilder.php(1443): CodeIgniter\Database\BaseConnection->query('SELECT *\nFROM `...', Array, false)
#2 C:\xampp\htdocs\Penyakit Tanaman\system\Model.php(183): CodeIgniter\Database\BaseBuilder->get()
#3 C:\xampp\htdocs\Penyakit Tanaman\system\BaseModel.php(584): CodeIgniter\Model->doFindAll(0, 0)
#4 C:\xampp\htdocs\Penyakit Tanaman\app\Controllers\Home.php(13): CodeIgniter\BaseModel->findAll()
#5 C:\xampp\htdocs\Penyakit Tanaman\system\CodeIgniter.php(824): App\Controllers\Home->index()
#6 C:\xampp\htdocs\Penyakit Tanaman\system\CodeIgniter.php(410): CodeIgniter\CodeIgniter->runController(Object(App\Controllers\Home))
#7 C:\xampp\htdocs\Penyakit Tanaman\system\CodeIgniter.php(318): CodeIgniter\CodeIgniter->handleRequest(NULL, Object(Config\Cache), false)
#8 C:\xampp\htdocs\Penyakit Tanaman\public\index.php(37): CodeIgniter\CodeIgniter->run()
#9 C:\xampp\htdocs\Penyakit Tanaman\system\Commands\Server\rewrite.php(43): require_once('C:\\xampp\\htdocs...')
#10 {main}
CRITICAL - 2021-12-16 00:30:19 --> Argument 1 passed to CodeIgniter\Database\BaseBuilder::countAll() must be of the type bool, null given, called in C:\xampp\htdocs\Penyakit Tanaman\system\Model.php on line 723
#0 C:\xampp\htdocs\Penyakit Tanaman\system\Model.php(723): CodeIgniter\Database\BaseBuilder->countAll(NULL)
#1 C:\xampp\htdocs\Penyakit Tanaman\app\Controllers\Shop.php(16): CodeIgniter\Model->__call('countAll', Array)
#2 C:\xampp\htdocs\Penyakit Tanaman\system\CodeIgniter.php(824): App\Controllers\Shop->index()
#3 C:\xampp\htdocs\Penyakit Tanaman\system\CodeIgniter.php(410): CodeIgniter\CodeIgniter->runController(Object(App\Controllers\Shop))
#4 C:\xampp\htdocs\Penyakit Tanaman\system\CodeIgniter.php(318): CodeIgniter\CodeIgniter->handleRequest(NULL, Object(Config\Cache), false)
#5 C:\xampp\htdocs\Penyakit Tanaman\public\index.php(37): CodeIgniter\CodeIgniter->run()
#6 C:\xampp\htdocs\Penyakit Tanaman\system\Commands\Server\rewrite.php(43): require_once('C:\\xampp\\htdocs...')
#7 {main}
CRITICAL - 2021-12-16 00:30:41 --> Call to a member function session() on int
#0 C:\xampp\htdocs\Penyakit Tanaman\system\CodeIgniter.php(824): App\Controllers\Shop->index()
#1 C:\xampp\htdocs\Penyakit Tanaman\system\CodeIgniter.php(410): CodeIgniter\CodeIgniter->runController(Object(App\Controllers\Shop))
#2 C:\xampp\htdocs\Penyakit Tanaman\system\CodeIgniter.php(318): CodeIgniter\CodeIgniter->handleRequest(NULL, Object(Config\Cache), false)
#3 C:\xampp\htdocs\Penyakit Tanaman\public\index.php(37): CodeIgniter\CodeIgniter->run()
#4 C:\xampp\htdocs\Penyakit Tanaman\system\Commands\Server\rewrite.php(43): require_once('C:\\xampp\\htdocs...')
#5 {main}
CRITICAL - 2021-12-16 00:31:14 --> Call to a member function session() on int
#0 C:\xampp\htdocs\Penyakit Tanaman\system\CodeIgniter.php(824): App\Controllers\Shop->index()
#1 C:\xampp\htdocs\Penyakit Tanaman\system\CodeIgniter.php(410): CodeIgniter\CodeIgniter->runController(Object(App\Controllers\Shop))
#2 C:\xampp\htdocs\Penyakit Tanaman\system\CodeIgniter.php(318): CodeIgniter\CodeIgniter->handleRequest(NULL, Object(Config\Cache), false)
#3 C:\xampp\htdocs\Penyakit Tanaman\public\index.php(37): CodeIgniter\CodeIgniter->run()
#4 C:\xampp\htdocs\Penyakit Tanaman\system\Commands\Server\rewrite.php(43): require_once('C:\\xampp\\htdocs...')
#5 {main}
CRITICAL - 2021-12-16 00:31:52 --> Call to a member function session() on int
#0 C:\xampp\htdocs\Penyakit Tanaman\system\CodeIgniter.php(824): App\Controllers\Shop->index()
#1 C:\xampp\htdocs\Penyakit Tanaman\system\CodeIgniter.php(410): CodeIgniter\CodeIgniter->runController(Object(App\Controllers\Shop))
#2 C:\xampp\htdocs\Penyakit Tanaman\system\CodeIgniter.php(318): CodeIgniter\CodeIgniter->handleRequest(NULL, Object(Config\Cache), false)
#3 C:\xampp\htdocs\Penyakit Tanaman\public\index.php(37): CodeIgniter\CodeIgniter->run()
#4 C:\xampp\htdocs\Penyakit Tanaman\system\Commands\Server\rewrite.php(43): require_once('C:\\xampp\\htdocs...')
#5 {main}
CRITICAL - 2021-12-16 00:32:12 --> Call to a member function session() on int
#0 C:\xampp\htdocs\Penyakit Tanaman\system\CodeIgniter.php(824): App\Controllers\Shop->index()
#1 C:\xampp\htdocs\Penyakit Tanaman\system\CodeIgniter.php(410): CodeIgniter\CodeIgniter->runController(Object(App\Controllers\Shop))
#2 C:\xampp\htdocs\Penyakit Tanaman\system\CodeIgniter.php(318): CodeIgniter\CodeIgniter->handleRequest(NULL, Object(Config\Cache), false)
#3 C:\xampp\htdocs\Penyakit Tanaman\public\index.php(37): CodeIgniter\CodeIgniter->run()
#4 C:\xampp\htdocs\Penyakit Tanaman\system\Commands\Server\rewrite.php(43): require_once('C:\\xampp\\htdocs...')
#5 {main}
CRITICAL - 2021-12-16 00:34:55 --> Call to a member function session() on int
#0 C:\xampp\htdocs\Penyakit Tanaman\system\CodeIgniter.php(824): App\Controllers\Shop->index()
#1 C:\xampp\htdocs\Penyakit Tanaman\system\CodeIgniter.php(410): CodeIgniter\CodeIgniter->runController(Object(App\Controllers\Shop))
#2 C:\xampp\htdocs\Penyakit Tanaman\system\CodeIgniter.php(318): CodeIgniter\CodeIgniter->handleRequest(NULL, Object(Config\Cache), false)
#3 C:\xampp\htdocs\Penyakit Tanaman\public\index.php(37): CodeIgniter\CodeIgniter->run()
#4 C:\xampp\htdocs\Penyakit Tanaman\system\Commands\Server\rewrite.php(43): require_once('C:\\xampp\\htdocs...')
#5 {main}
CRITICAL - 2021-12-16 00:35:29 --> Call to a member function session() on int
#0 C:\xampp\htdocs\Penyakit Tanaman\system\CodeIgniter.php(824): App\Controllers\Shop->index()
#1 C:\xampp\htdocs\Penyakit Tanaman\system\CodeIgniter.php(410): CodeIgniter\CodeIgniter->runController(Object(App\Controllers\Shop))
#2 C:\xampp\htdocs\Penyakit Tanaman\system\CodeIgniter.php(318): CodeIgniter\CodeIgniter->handleRequest(NULL, Object(Config\Cache), false)
#3 C:\xampp\htdocs\Penyakit Tanaman\public\index.php(37): CodeIgniter\CodeIgniter->run()
#4 C:\xampp\htdocs\Penyakit Tanaman\system\Commands\Server\rewrite.php(43): require_once('C:\\xampp\\htdocs...')
#5 {main}
CRITICAL - 2021-12-16 00:35:30 --> Call to a member function session() on int
#0 C:\xampp\htdocs\Penyakit Tanaman\system\CodeIgniter.php(824): App\Controllers\Shop->index()
#1 C:\xampp\htdocs\Penyakit Tanaman\system\CodeIgniter.php(410): CodeIgniter\CodeIgniter->runController(Object(App\Controllers\Shop))
#2 C:\xampp\htdocs\Penyakit Tanaman\system\CodeIgniter.php(318): CodeIgniter\CodeIgniter->handleRequest(NULL, Object(Config\Cache), false)
#3 C:\xampp\htdocs\Penyakit Tanaman\public\index.php(37): CodeIgniter\CodeIgniter->run()
#4 C:\xampp\htdocs\Penyakit Tanaman\system\Commands\Server\rewrite.php(43): require_once('C:\\xampp\\htdocs...')
#5 {main}
CRITICAL - 2021-12-16 00:39:08 --> Call to undefined method App\Models\CartModels::session
#0 C:\xampp\htdocs\Penyakit Tanaman\app\Controllers\Shop.php(16): CodeIgniter\Model->__call('session', Array)
#1 C:\xampp\htdocs\Penyakit Tanaman\system\CodeIgniter.php(824): App\Controllers\Shop->index()
#2 C:\xampp\htdocs\Penyakit Tanaman\system\CodeIgniter.php(410): CodeIgniter\CodeIgniter->runController(Object(App\Controllers\Shop))
#3 C:\xampp\htdocs\Penyakit Tanaman\system\CodeIgniter.php(318): CodeIgniter\CodeIgniter->handleRequest(NULL, Object(Config\Cache), false)
#4 C:\xampp\htdocs\Penyakit Tanaman\public\index.php(37): CodeIgniter\CodeIgniter->run()
#5 C:\xampp\htdocs\Penyakit Tanaman\system\Commands\Server\rewrite.php(43): require_once('C:\\xampp\\htdocs...')
#6 {main}
CRITICAL - 2021-12-16 00:39:16 --> Undefined variable: session
#0 C:\xampp\htdocs\Penyakit Tanaman\app\Controllers\Shop.php(16): CodeIgniter\Debug\Exceptions->errorHandler(8, 'Undefined varia...', 'C:\\xampp\\htdocs...', 16, Array)
#1 C:\xampp\htdocs\Penyakit Tanaman\system\CodeIgniter.php(824): App\Controllers\Shop->index()
#2 C:\xampp\htdocs\Penyakit Tanaman\system\CodeIgniter.php(410): CodeIgniter\CodeIgniter->runController(Object(App\Controllers\Shop))
#3 C:\xampp\htdocs\Penyakit Tanaman\system\CodeIgniter.php(318): CodeIgniter\CodeIgniter->handleRequest(NULL, Object(Config\Cache), false)
#4 C:\xampp\htdocs\Penyakit Tanaman\public\index.php(37): CodeIgniter\CodeIgniter->run()
#5 C:\xampp\htdocs\Penyakit Tanaman\system\Commands\Server\rewrite.php(43): require_once('C:\\xampp\\htdocs...')
#6 {main}
CRITICAL - 2021-12-16 00:39:35 --> Undefined variable: count_produk
#0 C:\xampp\htdocs\Penyakit Tanaman\app\Views\toko\shop.php(65): CodeIgniter\Debug\Exceptions->errorHandler(8, 'Undefined varia...', 'C:\\xampp\\htdocs...', 65, Array)
#1 C:\xampp\htdocs\Penyakit Tanaman\system\View\View.php(214): include('C:\\xampp\\htdocs...')
#2 C:\xampp\htdocs\Penyakit Tanaman\system\View\View.php(217): CodeIgniter\View\View->CodeIgniter\View\{closure}()
#3 C:\xampp\htdocs\Penyakit Tanaman\system\Common.php(1097): CodeIgniter\View\View->render('toko/shop', Array, true)
#4 C:\xampp\htdocs\Penyakit Tanaman\app\Controllers\Shop.php(21): view('toko/shop', Array)
#5 C:\xampp\htdocs\Penyakit Tanaman\system\CodeIgniter.php(824): App\Controllers\Shop->index()
#6 C:\xampp\htdocs\Penyakit Tanaman\system\CodeIgniter.php(410): CodeIgniter\CodeIgniter->runController(Object(App\Controllers\Shop))
#7 C:\xampp\htdocs\Penyakit Tanaman\system\CodeIgniter.php(318): CodeIgniter\CodeIgniter->handleRequest(NULL, Object(Config\Cache), false)
#8 C:\xampp\htdocs\Penyakit Tanaman\public\index.php(37): CodeIgniter\CodeIgniter->run()
#9 C:\xampp\htdocs\Penyakit Tanaman\system\Commands\Server\rewrite.php(43): require_once('C:\\xampp\\htdocs...')
#10 {main}
CRITICAL - 2021-12-16 00:44:45 --> Call to a member function findAll() on string
#0 C:\xampp\htdocs\Penyakit Tanaman\system\CodeIgniter.php(824): App\Controllers\Shop->index()
#1 C:\xampp\htdocs\Penyakit Tanaman\system\CodeIgniter.php(410): CodeIgniter\CodeIgniter->runController(Object(App\Controllers\Shop))
#2 C:\xampp\htdocs\Penyakit Tanaman\system\CodeIgniter.php(318): CodeIgniter\CodeIgniter->handleRequest(NULL, Object(Config\Cache), false)
#3 C:\xampp\htdocs\Penyakit Tanaman\public\index.php(37): CodeIgniter\CodeIgniter->run()
#4 C:\xampp\htdocs\Penyakit Tanaman\system\Commands\Server\rewrite.php(43): require_once('C:\\xampp\\htdocs...')
#5 {main}
CRITICAL - 2021-12-16 00:44:56 --> Call to a member function find() on string
#0 C:\xampp\htdocs\Penyakit Tanaman\system\CodeIgniter.php(824): App\Controllers\Shop->index()
#1 C:\xampp\htdocs\Penyakit Tanaman\system\CodeIgniter.php(410): CodeIgniter\CodeIgniter->runController(Object(App\Controllers\Shop))
#2 C:\xampp\htdocs\Penyakit Tanaman\system\CodeIgniter.php(318): CodeIgniter\CodeIgniter->handleRequest(NULL, Object(Config\Cache), false)
#3 C:\xampp\htdocs\Penyakit Tanaman\public\index.php(37): CodeIgniter\CodeIgniter->run()
#4 C:\xampp\htdocs\Penyakit Tanaman\system\Commands\Server\rewrite.php(43): require_once('C:\\xampp\\htdocs...')
#5 {main}
CRITICAL - 2021-12-16 00:45:21 --> Call to a member function find() on int
#0 C:\xampp\htdocs\Penyakit Tanaman\system\CodeIgniter.php(824): App\Controllers\Shop->index()
#1 C:\xampp\htdocs\Penyakit Tanaman\system\CodeIgniter.php(410): CodeIgniter\CodeIgniter->runController(Object(App\Controllers\Shop))
#2 C:\xampp\htdocs\Penyakit Tanaman\system\CodeIgniter.php(318): CodeIgniter\CodeIgniter->handleRequest(NULL, Object(Config\Cache), false)
#3 C:\xampp\htdocs\Penyakit Tanaman\public\index.php(37): CodeIgniter\CodeIgniter->run()
#4 C:\xampp\htdocs\Penyakit Tanaman\system\Commands\Server\rewrite.php(43): require_once('C:\\xampp\\htdocs...')
#5 {main}
CRITICAL - 2021-12-16 00:45:27 --> Call to a member function findAll() on int
#0 C:\xampp\htdocs\Penyakit Tanaman\system\CodeIgniter.php(824): App\Controllers\Shop->index()
#1 C:\xampp\htdocs\Penyakit Tanaman\system\CodeIgniter.php(410): CodeIgniter\CodeIgniter->runController(Object(App\Controllers\Shop))
#2 C:\xampp\htdocs\Penyakit Tanaman\system\CodeIgniter.php(318): CodeIgniter\CodeIgniter->handleRequest(NULL, Object(Config\Cache), false)
#3 C:\xampp\htdocs\Penyakit Tanaman\public\index.php(37): CodeIgniter\CodeIgniter->run()
#4 C:\xampp\htdocs\Penyakit Tanaman\system\Commands\Server\rewrite.php(43): require_once('C:\\xampp\\htdocs...')
#5 {main}
CRITICAL - 2021-12-16 00:46:34 --> Call to a member function getShop() on int
#0 C:\xampp\htdocs\Penyakit Tanaman\system\CodeIgniter.php(824): App\Controllers\Shop->index()
#1 C:\xampp\htdocs\Penyakit Tanaman\system\CodeIgniter.php(410): CodeIgniter\CodeIgniter->runController(Object(App\Controllers\Shop))
#2 C:\xampp\htdocs\Penyakit Tanaman\system\CodeIgniter.php(318): CodeIgniter\CodeIgniter->handleRequest(NULL, Object(Config\Cache), false)
#3 C:\xampp\htdocs\Penyakit Tanaman\public\index.php(37): CodeIgniter\CodeIgniter->run()
#4 C:\xampp\htdocs\Penyakit Tanaman\system\Commands\Server\rewrite.php(43): require_once('C:\\xampp\\htdocs...')
#5 {main}
CRITICAL - 2021-12-16 00:46:45 --> Call to a member function getShop() on int
#0 C:\xampp\htdocs\Penyakit Tanaman\system\CodeIgniter.php(824): App\Controllers\Shop->index()
#1 C:\xampp\htdocs\Penyakit Tanaman\system\CodeIgniter.php(410): CodeIgniter\CodeIgniter->runController(Object(App\Controllers\Shop))
#2 C:\xampp\htdocs\Penyakit Tanaman\system\CodeIgniter.php(318): CodeIgniter\CodeIgniter->handleRequest(NULL, Object(Config\Cache), false)
#3 C:\xampp\htdocs\Penyakit Tanaman\public\index.php(37): CodeIgniter\CodeIgniter->run()
#4 C:\xampp\htdocs\Penyakit Tanaman\system\Commands\Server\rewrite.php(43): require_once('C:\\xampp\\htdocs...')
#5 {main}
CRITICAL - 2021-12-16 00:48:18 --> Call to undefined method App\Models\CartModels::count
#0 C:\xampp\htdocs\Penyakit Tanaman\app\Controllers\Shop.php(18): CodeIgniter\Model->__call('count', Array)
#1 C:\xampp\htdocs\Penyakit Tanaman\system\CodeIgniter.php(824): App\Controllers\Shop->index()
#2 C:\xampp\htdocs\Penyakit Tanaman\system\CodeIgniter.php(410): CodeIgniter\CodeIgniter->runController(Object(App\Controllers\Shop))
#3 C:\xampp\htdocs\Penyakit Tanaman\system\CodeIgniter.php(318): CodeIgniter\CodeIgniter->handleRequest(NULL, Object(Config\Cache), false)
#4 C:\xampp\htdocs\Penyakit Tanaman\public\index.php(37): CodeIgniter\CodeIgniter->run()
#5 C:\xampp\htdocs\Penyakit Tanaman\system\Commands\Server\rewrite.php(43): require_once('C:\\xampp\\htdocs...')
#6 {main}
CRITICAL - 2021-12-16 00:49:21 --> Call to undefined method App\Models\CartModels::findById
#0 C:\xampp\htdocs\Penyakit Tanaman\app\Controllers\Shop.php(18): CodeIgniter\Model->__call('findById', Array)
#1 C:\xampp\htdocs\Penyakit Tanaman\system\CodeIgniter.php(824): App\Controllers\Shop->index()
#2 C:\xampp\htdocs\Penyakit Tanaman\system\CodeIgniter.php(410): CodeIgniter\CodeIgniter->runController(Object(App\Controllers\Shop))
#3 C:\xampp\htdocs\Penyakit Tanaman\system\CodeIgniter.php(318): CodeIgniter\CodeIgniter->handleRequest(NULL, Object(Config\Cache), false)
#4 C:\xampp\htdocs\Penyakit Tanaman\public\index.php(37): CodeIgniter\CodeIgniter->run()
#5 C:\xampp\htdocs\Penyakit Tanaman\system\Commands\Server\rewrite.php(43): require_once('C:\\xampp\\htdocs...')
#6 {main}
CRITICAL - 2021-12-16 00:49:28 --> Call to a member function countAll() on array
#0 C:\xampp\htdocs\Penyakit Tanaman\system\CodeIgniter.php(824): App\Controllers\Shop->index()
#1 C:\xampp\htdocs\Penyakit Tanaman\system\CodeIgniter.php(410): CodeIgniter\CodeIgniter->runController(Object(App\Controllers\Shop))
#2 C:\xampp\htdocs\Penyakit Tanaman\system\CodeIgniter.php(318): CodeIgniter\CodeIgniter->handleRequest(NULL, Object(Config\Cache), false)
#3 C:\xampp\htdocs\Penyakit Tanaman\public\index.php(37): CodeIgniter\CodeIgniter->run()
#4 C:\xampp\htdocs\Penyakit Tanaman\system\Commands\Server\rewrite.php(43): require_once('C:\\xampp\\htdocs...')
#5 {main}
CRITICAL - 2021-12-16 00:49:42 --> Call to a member function countAll() on array
#0 C:\xampp\htdocs\Penyakit Tanaman\system\CodeIgniter.php(824): App\Controllers\Shop->index()
#1 C:\xampp\htdocs\Penyakit Tanaman\system\CodeIgniter.php(410): CodeIgniter\CodeIgniter->runController(Object(App\Controllers\Shop))
#2 C:\xampp\htdocs\Penyakit Tanaman\system\CodeIgniter.php(318): CodeIgniter\CodeIgniter->handleRequest(NULL, Object(Config\Cache), false)
#3 C:\xampp\htdocs\Penyakit Tanaman\public\index.php(37): CodeIgniter\CodeIgniter->run()
#4 C:\xampp\htdocs\Penyakit Tanaman\system\Commands\Server\rewrite.php(43): require_once('C:\\xampp\\htdocs...')
#5 {main}
CRITICAL - 2021-12-16 00:51:23 --> Object of class App\Models\CartModels could not be converted to string
#0 C:\xampp\htdocs\Penyakit Tanaman\system\CodeIgniter.php(824): App\Controllers\Shop->index()
#1 C:\xampp\htdocs\Penyakit Tanaman\system\CodeIgniter.php(410): CodeIgniter\CodeIgniter->runController(Object(App\Controllers\Shop))
#2 C:\xampp\htdocs\Penyakit Tanaman\system\CodeIgniter.php(318): CodeIgniter\CodeIgniter->handleRequest(NULL, Object(Config\Cache), false)
#3 C:\xampp\htdocs\Penyakit Tanaman\public\index.php(37): CodeIgniter\CodeIgniter->run()
#4 C:\xampp\htdocs\Penyakit Tanaman\system\Commands\Server\rewrite.php(43): require_once('C:\\xampp\\htdocs...')
#5 {main}
CRITICAL - 2021-12-16 00:51:52 --> Array to string conversion
#0 C:\xampp\htdocs\Penyakit Tanaman\app\Controllers\Shop.php(23): CodeIgniter\Debug\Exceptions->errorHandler(8, 'Array to string...', 'C:\\xampp\\htdocs...', 23, Array)
#1 C:\xampp\htdocs\Penyakit Tanaman\system\CodeIgniter.php(824): App\Controllers\Shop->index()
#2 C:\xampp\htdocs\Penyakit Tanaman\system\CodeIgniter.php(410): CodeIgniter\CodeIgniter->runController(Object(App\Controllers\Shop))
#3 C:\xampp\htdocs\Penyakit Tanaman\system\CodeIgniter.php(318): CodeIgniter\CodeIgniter->handleRequest(NULL, Object(Config\Cache), false)
#4 C:\xampp\htdocs\Penyakit Tanaman\public\index.php(37): CodeIgniter\CodeIgniter->run()
#5 C:\xampp\htdocs\Penyakit Tanaman\system\Commands\Server\rewrite.php(43): require_once('C:\\xampp\\htdocs...')
#6 {main}
CRITICAL - 2021-12-16 00:52:39 --> Argument 1 passed to CodeIgniter\Database\BaseBuilder::countAll() must be of the type bool, array given, called in C:\xampp\htdocs\Penyakit Tanaman\system\Model.php on line 723
#0 C:\xampp\htdocs\Penyakit Tanaman\system\Model.php(723): CodeIgniter\Database\BaseBuilder->countAll(Array)
#1 C:\xampp\htdocs\Penyakit Tanaman\app\Controllers\Shop.php(19): CodeIgniter\Model->__call('countAll', Array)
#2 C:\xampp\htdocs\Penyakit Tanaman\system\CodeIgniter.php(824): App\Controllers\Shop->index()
#3 C:\xampp\htdocs\Penyakit Tanaman\system\CodeIgniter.php(410): CodeIgniter\CodeIgniter->runController(Object(App\Controllers\Shop))
#4 C:\xampp\htdocs\Penyakit Tanaman\system\CodeIgniter.php(318): CodeIgniter\CodeIgniter->handleRequest(NULL, Object(Config\Cache), false)
#5 C:\xampp\htdocs\Penyakit Tanaman\public\index.php(37): CodeIgniter\CodeIgniter->run()
#6 C:\xampp\htdocs\Penyakit Tanaman\system\Commands\Server\rewrite.php(43): require_once('C:\\xampp\\htdocs...')
#7 {main}
CRITICAL - 2021-12-16 00:55:35 --> Call to a member function where() on int
#0 C:\xampp\htdocs\Penyakit Tanaman\system\CodeIgniter.php(824): App\Controllers\Shop->index()
#1 C:\xampp\htdocs\Penyakit Tanaman\system\CodeIgniter.php(410): CodeIgniter\CodeIgniter->runController(Object(App\Controllers\Shop))
#2 C:\xampp\htdocs\Penyakit Tanaman\system\CodeIgniter.php(318): CodeIgniter\CodeIgniter->handleRequest(NULL, Object(Config\Cache), false)
#3 C:\xampp\htdocs\Penyakit Tanaman\public\index.php(37): CodeIgniter\CodeIgniter->run()
#4 C:\xampp\htdocs\Penyakit Tanaman\system\Commands\Server\rewrite.php(43): require_once('C:\\xampp\\htdocs...')
#5 {main}
CRITICAL - 2021-12-16 00:55:51 --> Call to a member function where() on int
#0 C:\xampp\htdocs\Penyakit Tanaman\system\CodeIgniter.php(824): App\Controllers\Shop->index()
#1 C:\xampp\htdocs\Penyakit Tanaman\system\CodeIgniter.php(410): CodeIgniter\CodeIgniter->runController(Object(App\Controllers\Shop))
#2 C:\xampp\htdocs\Penyakit Tanaman\system\CodeIgniter.php(318): CodeIgniter\CodeIgniter->handleRequest(NULL, Object(Config\Cache), false)
#3 C:\xampp\htdocs\Penyakit Tanaman\public\index.php(37): CodeIgniter\CodeIgniter->run()
#4 C:\xampp\htdocs\Penyakit Tanaman\system\Commands\Server\rewrite.php(43): require_once('C:\\xampp\\htdocs...')
#5 {main}
CRITICAL - 2021-12-16 00:55:56 --> Trying to get property 'where' of non-object
#0 C:\xampp\htdocs\Penyakit Tanaman\app\Controllers\Shop.php(19): CodeIgniter\Debug\Exceptions->errorHandler(8, 'Trying to get p...', 'C:\\xampp\\htdocs...', 19, Array)
#1 C:\xampp\htdocs\Penyakit Tanaman\system\CodeIgniter.php(824): App\Controllers\Shop->index()
#2 C:\xampp\htdocs\Penyakit Tanaman\system\CodeIgniter.php(410): CodeIgniter\CodeIgniter->runController(Object(App\Controllers\Shop))
#3 C:\xampp\htdocs\Penyakit Tanaman\system\CodeIgniter.php(318): CodeIgniter\CodeIgniter->handleRequest(NULL, Object(Config\Cache), false)
#4 C:\xampp\htdocs\Penyakit Tanaman\public\index.php(37): CodeIgniter\CodeIgniter->run()
#5 C:\xampp\htdocs\Penyakit Tanaman\system\Commands\Server\rewrite.php(43): require_once('C:\\xampp\\htdocs...')
#6 {main}
CRITICAL - 2021-12-16 00:56:07 --> Trying to get property 'to' of non-object
#0 C:\xampp\htdocs\Penyakit Tanaman\app\Controllers\Shop.php(19): CodeIgniter\Debug\Exceptions->errorHandler(8, 'Trying to get p...', 'C:\\xampp\\htdocs...', 19, Array)
#1 C:\xampp\htdocs\Penyakit Tanaman\system\CodeIgniter.php(824): App\Controllers\Shop->index()
#2 C:\xampp\htdocs\Penyakit Tanaman\system\CodeIgniter.php(410): CodeIgniter\CodeIgniter->runController(Object(App\Controllers\Shop))
#3 C:\xampp\htdocs\Penyakit Tanaman\system\CodeIgniter.php(318): CodeIgniter\CodeIgniter->handleRequest(NULL, Object(Config\Cache), false)
#4 C:\xampp\htdocs\Penyakit Tanaman\public\index.php(37): CodeIgniter\CodeIgniter->run()
#5 C:\xampp\htdocs\Penyakit Tanaman\system\Commands\Server\rewrite.php(43): require_once('C:\\xampp\\htdocs...')
#6 {main}
CRITICAL - 2021-12-16 00:56:10 --> Call to a member function to() on int
#0 C:\xampp\htdocs\Penyakit Tanaman\system\CodeIgniter.php(824): App\Controllers\Shop->index()
#1 C:\xampp\htdocs\Penyakit Tanaman\system\CodeIgniter.php(410): CodeIgniter\CodeIgniter->runController(Object(App\Controllers\Shop))
#2 C:\xampp\htdocs\Penyakit Tanaman\system\CodeIgniter.php(318): CodeIgniter\CodeIgniter->handleRequest(NULL, Object(Config\Cache), false)
#3 C:\xampp\htdocs\Penyakit Tanaman\public\index.php(37): CodeIgniter\CodeIgniter->run()
#4 C:\xampp\htdocs\Penyakit Tanaman\system\Commands\Server\rewrite.php(43): require_once('C:\\xampp\\htdocs...')
#5 {main}
CRITICAL - 2021-12-16 00:56:28 --> syntax error, unexpected '->' (T_OBJECT_OPERATOR)
#0 C:\xampp\htdocs\Penyakit Tanaman\system\Autoloader\Autoloader.php(241): CodeIgniter\Autoloader\Autoloader->includeFile('C:\\xampp\\htdocs...')
#1 C:\xampp\htdocs\Penyakit Tanaman\system\Autoloader\Autoloader.php(219): CodeIgniter\Autoloader\Autoloader->loadInNamespace('App\\Controllers...')
#2 [internal function]: CodeIgniter\Autoloader\Autoloader->loadClass('App\\Controllers...')
#3 [internal function]: spl_autoload_call('App\\Controllers...')
#4 C:\xampp\htdocs\Penyakit Tanaman\system\CodeIgniter.php(789): class_exists('\\App\\Controller...', true)
#5 C:\xampp\htdocs\Penyakit Tanaman\system\CodeIgniter.php(397): CodeIgniter\CodeIgniter->startController()
#6 C:\xampp\htdocs\Penyakit Tanaman\system\CodeIgniter.php(318): CodeIgniter\CodeIgniter->handleRequest(NULL, Object(Config\Cache), false)
#7 C:\xampp\htdocs\Penyakit Tanaman\public\index.php(37): CodeIgniter\CodeIgniter->run()
#8 C:\xampp\htdocs\Penyakit Tanaman\system\Commands\Server\rewrite.php(43): require_once('C:\\xampp\\htdocs...')
#9 {main}
CRITICAL - 2021-12-16 00:56:37 --> Call to a member function to() on int
#0 C:\xampp\htdocs\Penyakit Tanaman\system\CodeIgniter.php(824): App\Controllers\Shop->index()
#1 C:\xampp\htdocs\Penyakit Tanaman\system\CodeIgniter.php(410): CodeIgniter\CodeIgniter->runController(Object(App\Controllers\Shop))
#2 C:\xampp\htdocs\Penyakit Tanaman\system\CodeIgniter.php(318): CodeIgniter\CodeIgniter->handleRequest(NULL, Object(Config\Cache), false)
#3 C:\xampp\htdocs\Penyakit Tanaman\public\index.php(37): CodeIgniter\CodeIgniter->run()
#4 C:\xampp\htdocs\Penyakit Tanaman\system\Commands\Server\rewrite.php(43): require_once('C:\\xampp\\htdocs...')
#5 {main}
CRITICAL - 2021-12-16 00:56:57 --> Call to a member function find() on int
#0 C:\xampp\htdocs\Penyakit Tanaman\system\CodeIgniter.php(824): App\Controllers\Shop->index()
#1 C:\xampp\htdocs\Penyakit Tanaman\system\CodeIgniter.php(410): CodeIgniter\CodeIgniter->runController(Object(App\Controllers\Shop))
#2 C:\xampp\htdocs\Penyakit Tanaman\system\CodeIgniter.php(318): CodeIgniter\CodeIgniter->handleRequest(NULL, Object(Config\Cache), false)
#3 C:\xampp\htdocs\Penyakit Tanaman\public\index.php(37): CodeIgniter\CodeIgniter->run()
#4 C:\xampp\htdocs\Penyakit Tanaman\system\Commands\Server\rewrite.php(43): require_once('C:\\xampp\\htdocs...')
#5 {main}
CRITICAL - 2021-12-16 01:04:13 --> Call to undefined method App\Models\CartModels::count
#0 C:\xampp\htdocs\Penyakit Tanaman\app\Controllers\Shop.php(19): CodeIgniter\Model->__call('count', Array)
#1 C:\xampp\htdocs\Penyakit Tanaman\system\CodeIgniter.php(824): App\Controllers\Shop->index()
#2 C:\xampp\htdocs\Penyakit Tanaman\system\CodeIgniter.php(410): CodeIgniter\CodeIgniter->runController(Object(App\Controllers\Shop))
#3 C:\xampp\htdocs\Penyakit Tanaman\system\CodeIgniter.php(318): CodeIgniter\CodeIgniter->handleRequest(NULL, Object(Config\Cache), false)
#4 C:\xampp\htdocs\Penyakit Tanaman\public\index.php(37): CodeIgniter\CodeIgniter->run()
#5 C:\xampp\htdocs\Penyakit Tanaman\system\Commands\Server\rewrite.php(43): require_once('C:\\xampp\\htdocs...')
#6 {main}
CRITICAL - 2021-12-16 01:04:18 --> Call to undefined method App\Models\CartModels::Count
#0 C:\xampp\htdocs\Penyakit Tanaman\app\Controllers\Shop.php(19): CodeIgniter\Model->__call('Count', Array)
#1 C:\xampp\htdocs\Penyakit Tanaman\system\CodeIgniter.php(824): App\Controllers\Shop->index()
#2 C:\xampp\htdocs\Penyakit Tanaman\system\CodeIgniter.php(410): CodeIgniter\CodeIgniter->runController(Object(App\Controllers\Shop))
#3 C:\xampp\htdocs\Penyakit Tanaman\system\CodeIgniter.php(318): CodeIgniter\CodeIgniter->handleRequest(NULL, Object(Config\Cache), false)
#4 C:\xampp\htdocs\Penyakit Tanaman\public\index.php(37): CodeIgniter\CodeIgniter->run()
#5 C:\xampp\htdocs\Penyakit Tanaman\system\Commands\Server\rewrite.php(43): require_once('C:\\xampp\\htdocs...')
#6 {main}
CRITICAL - 2021-12-16 01:09:38 --> Argument 2 passed to CodeIgniter\Model::countAllResults() must be of the type bool, null given, called in C:\xampp\htdocs\Penyakit Tanaman\app\Controllers\Shop.php on line 16
#0 C:\xampp\htdocs\Penyakit Tanaman\app\Controllers\Shop.php(16): CodeIgniter\Model->countAllResults(true, NULL)
#1 C:\xampp\htdocs\Penyakit Tanaman\system\CodeIgniter.php(824): App\Controllers\Shop->index()
#2 C:\xampp\htdocs\Penyakit Tanaman\system\CodeIgniter.php(410): CodeIgniter\CodeIgniter->runController(Object(App\Controllers\Shop))
#3 C:\xampp\htdocs\Penyakit Tanaman\system\CodeIgniter.php(318): CodeIgniter\CodeIgniter->handleRequest(NULL, Object(Config\Cache), false)
#4 C:\xampp\htdocs\Penyakit Tanaman\public\index.php(37): CodeIgniter\CodeIgniter->run()
#5 C:\xampp\htdocs\Penyakit Tanaman\system\Commands\Server\rewrite.php(43): require_once('C:\\xampp\\htdocs...')
#6 {main}
CRITICAL - 2021-12-16 01:13:05 --> Array to string conversion
#0 C:\xampp\htdocs\Penyakit Tanaman\app\Views\toko\shop.php(65): CodeIgniter\Debug\Exceptions->errorHandler(8, 'Array to string...', 'C:\\xampp\\htdocs...', 65, Array)
#1 C:\xampp\htdocs\Penyakit Tanaman\system\View\View.php(214): include('C:\\xampp\\htdocs...')
#2 C:\xampp\htdocs\Penyakit Tanaman\system\View\View.php(217): CodeIgniter\View\View->CodeIgniter\View\{closure}()
#3 C:\xampp\htdocs\Penyakit Tanaman\system\Common.php(1097): CodeIgniter\View\View->render('toko/shop', Array, true)
#4 C:\xampp\htdocs\Penyakit Tanaman\app\Controllers\Shop.php(21): view('toko/shop', Array)
#5 C:\xampp\htdocs\Penyakit Tanaman\system\CodeIgniter.php(824): App\Controllers\Shop->index()
#6 C:\xampp\htdocs\Penyakit Tanaman\system\CodeIgniter.php(410): CodeIgniter\CodeIgniter->runController(Object(App\Controllers\Shop))
#7 C:\xampp\htdocs\Penyakit Tanaman\system\CodeIgniter.php(318): CodeIgniter\CodeIgniter->handleRequest(NULL, Object(Config\Cache), false)
#8 C:\xampp\htdocs\Penyakit Tanaman\public\index.php(37): CodeIgniter\CodeIgniter->run()
#9 C:\xampp\htdocs\Penyakit Tanaman\system\Commands\Server\rewrite.php(43): require_once('C:\\xampp\\htdocs...')
#10 {main}
CRITICAL - 2021-12-16 01:13:14 --> Array to string conversion
#0 C:\xampp\htdocs\Penyakit Tanaman\app\Views\toko\shop.php(65): CodeIgniter\Debug\Exceptions->errorHandler(8, 'Array to string...', 'C:\\xampp\\htdocs...', 65, Array)
#1 C:\xampp\htdocs\Penyakit Tanaman\system\View\View.php(214): include('C:\\xampp\\htdocs...')
#2 C:\xampp\htdocs\Penyakit Tanaman\system\View\View.php(217): CodeIgniter\View\View->CodeIgniter\View\{closure}()
#3 C:\xampp\htdocs\Penyakit Tanaman\system\Common.php(1097): CodeIgniter\View\View->render('toko/shop', Array, true)
#4 C:\xampp\htdocs\Penyakit Tanaman\app\Controllers\Shop.php(21): view('toko/shop', Array)
#5 C:\xampp\htdocs\Penyakit Tanaman\system\CodeIgniter.php(824): App\Controllers\Shop->index()
#6 C:\xampp\htdocs\Penyakit Tanaman\system\CodeIgniter.php(410): CodeIgniter\CodeIgniter->runController(Object(App\Controllers\Shop))
#7 C:\xampp\htdocs\Penyakit Tanaman\system\CodeIgniter.php(318): CodeIgniter\CodeIgniter->handleRequest(NULL, Object(Config\Cache), false)
#8 C:\xampp\htdocs\Penyakit Tanaman\public\index.php(37): CodeIgniter\CodeIgniter->run()
#9 C:\xampp\htdocs\Penyakit Tanaman\system\Commands\Server\rewrite.php(43): require_once('C:\\xampp\\htdocs...')
#10 {main}
CRITICAL - 2021-12-16 01:14:32 --> Call to undefined method App\Models\CartModels::countAllResult
#0 C:\xampp\htdocs\Penyakit Tanaman\app\Controllers\Shop.php(16): CodeIgniter\Model->__call('countAllResult', Array)
#1 C:\xampp\htdocs\Penyakit Tanaman\system\CodeIgniter.php(824): App\Controllers\Shop->index()
#2 C:\xampp\htdocs\Penyakit Tanaman\system\CodeIgniter.php(410): CodeIgniter\CodeIgniter->runController(Object(App\Controllers\Shop))
#3 C:\xampp\htdocs\Penyakit Tanaman\system\CodeIgniter.php(318): CodeIgniter\CodeIgniter->handleRequest(NULL, Object(Config\Cache), false)
#4 C:\xampp\htdocs\Penyakit Tanaman\public\index.php(37): CodeIgniter\CodeIgniter->run()
#5 C:\xampp\htdocs\Penyakit Tanaman\system\Commands\Server\rewrite.php(43): require_once('C:\\xampp\\htdocs...')
#6 {main}
CRITICAL - 2021-12-16 01:14:51 --> Call to undefined method App\Models\CartModels::count
#0 C:\xampp\htdocs\Penyakit Tanaman\app\Controllers\Shop.php(16): CodeIgniter\Model->__call('count', Array)
#1 C:\xampp\htdocs\Penyakit Tanaman\system\CodeIgniter.php(824): App\Controllers\Shop->index()
#2 C:\xampp\htdocs\Penyakit Tanaman\system\CodeIgniter.php(410): CodeIgniter\CodeIgniter->runController(Object(App\Controllers\Shop))
#3 C:\xampp\htdocs\Penyakit Tanaman\system\CodeIgniter.php(318): CodeIgniter\CodeIgniter->handleRequest(NULL, Object(Config\Cache), false)
#4 C:\xampp\htdocs\Penyakit Tanaman\public\index.php(37): CodeIgniter\CodeIgniter->run()
#5 C:\xampp\htdocs\Penyakit Tanaman\system\Commands\Server\rewrite.php(43): require_once('C:\\xampp\\htdocs...')
#6 {main}
CRITICAL - 2021-12-16 01:21:12 --> Undefined variable: count
#0 C:\xampp\htdocs\Penyakit Tanaman\app\Controllers\Shop.php(21): CodeIgniter\Debug\Exceptions->errorHandler(8, 'Undefined varia...', 'C:\\xampp\\htdocs...', 21, Array)
#1 C:\xampp\htdocs\Penyakit Tanaman\system\CodeIgniter.php(824): App\Controllers\Shop->index()
#2 C:\xampp\htdocs\Penyakit Tanaman\system\CodeIgniter.php(410): CodeIgniter\CodeIgniter->runController(Object(App\Controllers\Shop))
#3 C:\xampp\htdocs\Penyakit Tanaman\system\CodeIgniter.php(318): CodeIgniter\CodeIgniter->handleRequest(NULL, Object(Config\Cache), false)
#4 C:\xampp\htdocs\Penyakit Tanaman\public\index.php(37): CodeIgniter\CodeIgniter->run()
#5 C:\xampp\htdocs\Penyakit Tanaman\system\Commands\Server\rewrite.php(43): require_once('C:\\xampp\\htdocs...')
#6 {main}
CRITICAL - 2021-12-16 01:21:45 --> Undefined variable: count
#0 C:\xampp\htdocs\Penyakit Tanaman\app\Controllers\Shop.php(21): CodeIgniter\Debug\Exceptions->errorHandler(8, 'Undefined varia...', 'C:\\xampp\\htdocs...', 21, Array)
#1 C:\xampp\htdocs\Penyakit Tanaman\system\CodeIgniter.php(824): App\Controllers\Shop->index()
#2 C:\xampp\htdocs\Penyakit Tanaman\system\CodeIgniter.php(410): CodeIgniter\CodeIgniter->runController(Object(App\Controllers\Shop))
#3 C:\xampp\htdocs\Penyakit Tanaman\system\CodeIgniter.php(318): CodeIgniter\CodeIgniter->handleRequest(NULL, Object(Config\Cache), false)
#4 C:\xampp\htdocs\Penyakit Tanaman\public\index.php(37): CodeIgniter\CodeIgniter->run()
#5 C:\xampp\htdocs\Penyakit Tanaman\system\Commands\Server\rewrite.php(43): require_once('C:\\xampp\\htdocs...')
#6 {main}
CRITICAL - 2021-12-16 01:21:54 --> Undefined variable: count
#0 C:\xampp\htdocs\Penyakit Tanaman\app\Controllers\Shop.php(21): CodeIgniter\Debug\Exceptions->errorHandler(8, 'Undefined varia...', 'C:\\xampp\\htdocs...', 21, Array)
#1 C:\xampp\htdocs\Penyakit Tanaman\system\CodeIgniter.php(824): App\Controllers\Shop->index()
#2 C:\xampp\htdocs\Penyakit Tanaman\system\CodeIgniter.php(410): CodeIgniter\CodeIgniter->runController(Object(App\Controllers\Shop))
#3 C:\xampp\htdocs\Penyakit Tanaman\system\CodeIgniter.php(318): CodeIgniter\CodeIgniter->handleRequest(NULL, Object(Config\Cache), false)
#4 C:\xampp\htdocs\Penyakit Tanaman\public\index.php(37): CodeIgniter\CodeIgniter->run()
#5 C:\xampp\htdocs\Penyakit Tanaman\system\Commands\Server\rewrite.php(43): require_once('C:\\xampp\\htdocs...')
#6 {main}
