CRITICAL - 2021-12-13 03:35:56 --> syntax error, unexpected end of file
#0 C:\xampp\htdocs\Penyakit Tanaman\system\View\View.php(217): CodeIgniter\View\View->CodeIgniter\View\{closure}()
#1 C:\xampp\htdocs\Penyakit Tanaman\system\Common.php(1097): CodeIgniter\View\View->render('toko/shop', Array, true)
#2 C:\xampp\htdocs\Penyakit Tanaman\app\Controllers\Shop.php(11): view('toko/shop')
#3 C:\xampp\htdocs\Penyakit Tanaman\system\CodeIgniter.php(824): App\Controllers\Shop->index()
#4 C:\xampp\htdocs\Penyakit Tanaman\system\CodeIgniter.php(410): CodeIgniter\CodeIgniter->runController(Object(App\Controllers\Shop))
#5 C:\xampp\htdocs\Penyakit Tanaman\system\CodeIgniter.php(318): CodeIgniter\CodeIgniter->handleRequest(NULL, Object(Config\Cache), false)
#6 C:\xampp\htdocs\Penyakit Tanaman\public\index.php(37): CodeIgniter\CodeIgniter->run()
#7 C:\xampp\htdocs\Penyakit Tanaman\system\Commands\Server\rewrite.php(43): require_once('C:\\xampp\\htdocs...')
#8 {main}
CRITICAL - 2021-12-13 03:36:11 --> syntax error, unexpected end of file
#0 C:\xampp\htdocs\Penyakit Tanaman\system\View\View.php(217): CodeIgniter\View\View->CodeIgniter\View\{closure}()
#1 C:\xampp\htdocs\Penyakit Tanaman\system\Common.php(1097): CodeIgniter\View\View->render('toko/shop', Array, true)
#2 C:\xampp\htdocs\Penyakit Tanaman\app\Controllers\Shop.php(11): view('toko/shop')
#3 C:\xampp\htdocs\Penyakit Tanaman\system\CodeIgniter.php(824): App\Controllers\Shop->index()
#4 C:\xampp\htdocs\Penyakit Tanaman\system\CodeIgniter.php(410): CodeIgniter\CodeIgniter->runController(Object(App\Controllers\Shop))
#5 C:\xampp\htdocs\Penyakit Tanaman\system\CodeIgniter.php(318): CodeIgniter\CodeIgniter->handleRequest(NULL, Object(Config\Cache), false)
#6 C:\xampp\htdocs\Penyakit Tanaman\public\index.php(37): CodeIgniter\CodeIgniter->run()
#7 C:\xampp\htdocs\Penyakit Tanaman\system\Commands\Server\rewrite.php(43): require_once('C:\\xampp\\htdocs...')
#8 {main}
CRITICAL - 2021-12-13 03:36:13 --> syntax error, unexpected end of file
#0 C:\xampp\htdocs\Penyakit Tanaman\system\View\View.php(217): CodeIgniter\View\View->CodeIgniter\View\{closure}()
#1 C:\xampp\htdocs\Penyakit Tanaman\system\Common.php(1097): CodeIgniter\View\View->render('toko/shop', Array, true)
#2 C:\xampp\htdocs\Penyakit Tanaman\app\Controllers\Shop.php(11): view('toko/shop')
#3 C:\xampp\htdocs\Penyakit Tanaman\system\CodeIgniter.php(824): App\Controllers\Shop->index()
#4 C:\xampp\htdocs\Penyakit Tanaman\system\CodeIgniter.php(410): CodeIgniter\CodeIgniter->runController(Object(App\Controllers\Shop))
#5 C:\xampp\htdocs\Penyakit Tanaman\system\CodeIgniter.php(318): CodeIgniter\CodeIgniter->handleRequest(NULL, Object(Config\Cache), false)
#6 C:\xampp\htdocs\Penyakit Tanaman\public\index.php(37): CodeIgniter\CodeIgniter->run()
#7 C:\xampp\htdocs\Penyakit Tanaman\system\Commands\Server\rewrite.php(43): require_once('C:\\xampp\\htdocs...')
#8 {main}
CRITICAL - 2021-12-13 03:36:37 --> syntax error, unexpected end of file
#0 C:\xampp\htdocs\Penyakit Tanaman\system\View\View.php(217): CodeIgniter\View\View->CodeIgniter\View\{closure}()
#1 C:\xampp\htdocs\Penyakit Tanaman\system\Common.php(1097): CodeIgniter\View\View->render('toko/shop', Array, true)
#2 C:\xampp\htdocs\Penyakit Tanaman\app\Controllers\Shop.php(11): view('toko/shop')
#3 C:\xampp\htdocs\Penyakit Tanaman\system\CodeIgniter.php(824): App\Controllers\Shop->index()
#4 C:\xampp\htdocs\Penyakit Tanaman\system\CodeIgniter.php(410): CodeIgniter\CodeIgniter->runController(Object(App\Controllers\Shop))
#5 C:\xampp\htdocs\Penyakit Tanaman\system\CodeIgniter.php(318): CodeIgniter\CodeIgniter->handleRequest(NULL, Object(Config\Cache), false)
#6 C:\xampp\htdocs\Penyakit Tanaman\public\index.php(37): CodeIgniter\CodeIgniter->run()
#7 C:\xampp\htdocs\Penyakit Tanaman\system\Commands\Server\rewrite.php(43): require_once('C:\\xampp\\htdocs...')
#8 {main}
CRITICAL - 2021-12-13 03:36:39 --> syntax error, unexpected end of file
#0 C:\xampp\htdocs\Penyakit Tanaman\system\View\View.php(217): CodeIgniter\View\View->CodeIgniter\View\{closure}()
#1 C:\xampp\htdocs\Penyakit Tanaman\system\Common.php(1097): CodeIgniter\View\View->render('toko/shop', Array, true)
#2 C:\xampp\htdocs\Penyakit Tanaman\app\Controllers\Shop.php(11): view('toko/shop')
#3 C:\xampp\htdocs\Penyakit Tanaman\system\CodeIgniter.php(824): App\Controllers\Shop->index()
#4 C:\xampp\htdocs\Penyakit Tanaman\system\CodeIgniter.php(410): CodeIgniter\CodeIgniter->runController(Object(App\Controllers\Shop))
#5 C:\xampp\htdocs\Penyakit Tanaman\system\CodeIgniter.php(318): CodeIgniter\CodeIgniter->handleRequest(NULL, Object(Config\Cache), false)
#6 C:\xampp\htdocs\Penyakit Tanaman\public\index.php(37): CodeIgniter\CodeIgniter->run()
#7 C:\xampp\htdocs\Penyakit Tanaman\system\Commands\Server\rewrite.php(43): require_once('C:\\xampp\\htdocs...')
#8 {main}
ERROR - 2021-12-13 14:43:01 --> Error connecting to the database: No connection could be made because the target machine actively refused it.

CRITICAL - 2021-12-13 14:43:01 --> Unable to connect to the database.
Main connection [MySQLi]: No connection could be made because the target machine actively refused it.

#0 C:\xampp\htdocs\Penyakit Tanaman\system\Database\BaseConnection.php(577): CodeIgniter\Database\BaseConnection->initialize()
#1 C:\xampp\htdocs\Penyakit Tanaman\system\Database\BaseBuilder.php(1443): CodeIgniter\Database\BaseConnection->query('SELECT *\nFROM `...', Array, false)
#2 C:\xampp\htdocs\Penyakit Tanaman\system\Model.php(183): CodeIgniter\Database\BaseBuilder->get()
#3 C:\xampp\htdocs\Penyakit Tanaman\system\BaseModel.php(584): CodeIgniter\Model->doFindAll(0, 0)
#4 C:\xampp\htdocs\Penyakit Tanaman\app\Controllers\Home.php(13): CodeIgniter\BaseModel->findAll()
#5 C:\xampp\htdocs\Penyakit Tanaman\system\CodeIgniter.php(824): App\Controllers\Home->index()
#6 C:\xampp\htdocs\Penyakit Tanaman\system\CodeIgniter.php(410): CodeIgniter\CodeIgniter->runController(Object(App\Controllers\Home))
#7 C:\xampp\htdocs\Penyakit Tanaman\system\CodeIgniter.php(318): CodeIgniter\CodeIgniter->handleRequest(NULL, Object(Config\Cache), false)
#8 C:\xampp\htdocs\Penyakit Tanaman\public\index.php(37): CodeIgniter\CodeIgniter->run()
#9 C:\xampp\htdocs\Penyakit Tanaman\system\Commands\Server\rewrite.php(43): require_once('C:\\xampp\\htdocs...')
#10 {main}
