CRITICAL - 2021-12-18 03:19:26 --> Object of class App\Models\CartModels could not be converted to int
#0 C:\xampp\htdocs\Penyakit Tanaman\app\Views\toko\cart.php(181): CodeIgniter\Debug\Exceptions->errorHandler(8, 'Object of class...', 'C:\\xampp\\htdocs...', 181, Array)
#1 C:\xampp\htdocs\Penyakit Tanaman\system\View\View.php(214): include('C:\\xampp\\htdocs...')
#2 C:\xampp\htdocs\Penyakit Tanaman\system\View\View.php(217): CodeIgniter\View\View->CodeIgniter\View\{closure}()
#3 C:\xampp\htdocs\Penyakit Tanaman\system\Common.php(1097): CodeIgniter\View\View->render('toko/cart', Array, true)
#4 C:\xampp\htdocs\Penyakit Tanaman\app\Controllers\Shop.php(63): view('toko/cart', Array)
#5 C:\xampp\htdocs\Penyakit Tanaman\system\CodeIgniter.php(824): App\Controllers\Shop->cartShow()
#6 C:\xampp\htdocs\Penyakit Tanaman\system\CodeIgniter.php(410): CodeIgniter\CodeIgniter->runController(Object(App\Controllers\Shop))
#7 C:\xampp\htdocs\Penyakit Tanaman\system\CodeIgniter.php(318): CodeIgniter\CodeIgniter->handleRequest(NULL, Object(Config\Cache), false)
#8 C:\xampp\htdocs\Penyakit Tanaman\public\index.php(37): CodeIgniter\CodeIgniter->run()
#9 C:\xampp\htdocs\Penyakit Tanaman\system\Commands\Server\rewrite.php(43): require_once('C:\\xampp\\htdocs...')
#10 {main}
CRITICAL - 2021-12-18 03:20:48 --> Object of class App\Models\CartModels could not be converted to int
#0 C:\xampp\htdocs\Penyakit Tanaman\app\Views\toko\cart.php(181): CodeIgniter\Debug\Exceptions->errorHandler(8, 'Object of class...', 'C:\\xampp\\htdocs...', 181, Array)
#1 C:\xampp\htdocs\Penyakit Tanaman\system\View\View.php(214): include('C:\\xampp\\htdocs...')
#2 C:\xampp\htdocs\Penyakit Tanaman\system\View\View.php(217): CodeIgniter\View\View->CodeIgniter\View\{closure}()
#3 C:\xampp\htdocs\Penyakit Tanaman\system\Common.php(1097): CodeIgniter\View\View->render('toko/cart', Array, true)
#4 C:\xampp\htdocs\Penyakit Tanaman\app\Controllers\Shop.php(63): view('toko/cart', Array)
#5 C:\xampp\htdocs\Penyakit Tanaman\system\CodeIgniter.php(824): App\Controllers\Shop->cartShow()
#6 C:\xampp\htdocs\Penyakit Tanaman\system\CodeIgniter.php(410): CodeIgniter\CodeIgniter->runController(Object(App\Controllers\Shop))
#7 C:\xampp\htdocs\Penyakit Tanaman\system\CodeIgniter.php(318): CodeIgniter\CodeIgniter->handleRequest(NULL, Object(Config\Cache), false)
#8 C:\xampp\htdocs\Penyakit Tanaman\public\index.php(37): CodeIgniter\CodeIgniter->run()
#9 C:\xampp\htdocs\Penyakit Tanaman\system\Commands\Server\rewrite.php(43): require_once('C:\\xampp\\htdocs...')
#10 {main}
CRITICAL - 2021-12-18 03:22:10 --> syntax error, unexpected end of file, expecting elseif (T_ELSEIF) or else (T_ELSE) or endif (T_ENDIF)
#0 C:\xampp\htdocs\Penyakit Tanaman\system\View\View.php(217): CodeIgniter\View\View->CodeIgniter\View\{closure}()
#1 C:\xampp\htdocs\Penyakit Tanaman\system\Common.php(1097): CodeIgniter\View\View->render('toko/cart', Array, true)
#2 C:\xampp\htdocs\Penyakit Tanaman\app\Controllers\Shop.php(63): view('toko/cart', Array)
#3 C:\xampp\htdocs\Penyakit Tanaman\system\CodeIgniter.php(824): App\Controllers\Shop->cartShow()
#4 C:\xampp\htdocs\Penyakit Tanaman\system\CodeIgniter.php(410): CodeIgniter\CodeIgniter->runController(Object(App\Controllers\Shop))
#5 C:\xampp\htdocs\Penyakit Tanaman\system\CodeIgniter.php(318): CodeIgniter\CodeIgniter->handleRequest(NULL, Object(Config\Cache), false)
#6 C:\xampp\htdocs\Penyakit Tanaman\public\index.php(37): CodeIgniter\CodeIgniter->run()
#7 C:\xampp\htdocs\Penyakit Tanaman\system\Commands\Server\rewrite.php(43): require_once('C:\\xampp\\htdocs...')
#8 {main}
CRITICAL - 2021-12-18 03:23:45 --> Object of class App\Models\CartModels could not be converted to int
#0 C:\xampp\htdocs\Penyakit Tanaman\app\Views\toko\cart.php(188): CodeIgniter\Debug\Exceptions->errorHandler(8, 'Object of class...', 'C:\\xampp\\htdocs...', 188, Array)
#1 C:\xampp\htdocs\Penyakit Tanaman\system\View\View.php(214): include('C:\\xampp\\htdocs...')
#2 C:\xampp\htdocs\Penyakit Tanaman\system\View\View.php(217): CodeIgniter\View\View->CodeIgniter\View\{closure}()
#3 C:\xampp\htdocs\Penyakit Tanaman\system\Common.php(1097): CodeIgniter\View\View->render('toko/cart', Array, true)
#4 C:\xampp\htdocs\Penyakit Tanaman\app\Controllers\Shop.php(63): view('toko/cart', Array)
#5 C:\xampp\htdocs\Penyakit Tanaman\system\CodeIgniter.php(824): App\Controllers\Shop->cartShow()
#6 C:\xampp\htdocs\Penyakit Tanaman\system\CodeIgniter.php(410): CodeIgniter\CodeIgniter->runController(Object(App\Controllers\Shop))
#7 C:\xampp\htdocs\Penyakit Tanaman\system\CodeIgniter.php(318): CodeIgniter\CodeIgniter->handleRequest(NULL, Object(Config\Cache), false)
#8 C:\xampp\htdocs\Penyakit Tanaman\public\index.php(37): CodeIgniter\CodeIgniter->run()
#9 C:\xampp\htdocs\Penyakit Tanaman\system\Commands\Server\rewrite.php(43): require_once('C:\\xampp\\htdocs...')
#10 {main}
CRITICAL - 2021-12-18 03:24:06 --> Object of class App\Models\CartModels could not be converted to int
#0 C:\xampp\htdocs\Penyakit Tanaman\app\Views\toko\cart.php(187): CodeIgniter\Debug\Exceptions->errorHandler(8, 'Object of class...', 'C:\\xampp\\htdocs...', 187, Array)
#1 C:\xampp\htdocs\Penyakit Tanaman\system\View\View.php(214): include('C:\\xampp\\htdocs...')
#2 C:\xampp\htdocs\Penyakit Tanaman\system\View\View.php(217): CodeIgniter\View\View->CodeIgniter\View\{closure}()
#3 C:\xampp\htdocs\Penyakit Tanaman\system\Common.php(1097): CodeIgniter\View\View->render('toko/cart', Array, true)
#4 C:\xampp\htdocs\Penyakit Tanaman\app\Controllers\Shop.php(63): view('toko/cart', Array)
#5 C:\xampp\htdocs\Penyakit Tanaman\system\CodeIgniter.php(824): App\Controllers\Shop->cartShow()
#6 C:\xampp\htdocs\Penyakit Tanaman\system\CodeIgniter.php(410): CodeIgniter\CodeIgniter->runController(Object(App\Controllers\Shop))
#7 C:\xampp\htdocs\Penyakit Tanaman\system\CodeIgniter.php(318): CodeIgniter\CodeIgniter->handleRequest(NULL, Object(Config\Cache), false)
#8 C:\xampp\htdocs\Penyakit Tanaman\public\index.php(37): CodeIgniter\CodeIgniter->run()
#9 C:\xampp\htdocs\Penyakit Tanaman\system\Commands\Server\rewrite.php(43): require_once('C:\\xampp\\htdocs...')
#10 {main}
CRITICAL - 2021-12-18 03:35:13 --> Call to undefined method App\Models\ProdukModels::getShop
#0 C:\xampp\htdocs\Penyakit Tanaman\app\Controllers\Shop.php(53): CodeIgniter\Model->__call('getShop', Array)
#1 C:\xampp\htdocs\Penyakit Tanaman\system\CodeIgniter.php(824): App\Controllers\Shop->cartShow()
#2 C:\xampp\htdocs\Penyakit Tanaman\system\CodeIgniter.php(410): CodeIgniter\CodeIgniter->runController(Object(App\Controllers\Shop))
#3 C:\xampp\htdocs\Penyakit Tanaman\system\CodeIgniter.php(318): CodeIgniter\CodeIgniter->handleRequest(NULL, Object(Config\Cache), false)
#4 C:\xampp\htdocs\Penyakit Tanaman\public\index.php(37): CodeIgniter\CodeIgniter->run()
#5 C:\xampp\htdocs\Penyakit Tanaman\system\Commands\Server\rewrite.php(43): require_once('C:\\xampp\\htdocs...')
#6 {main}
ERROR - 2021-12-18 03:39:15 --> Unknown column 'tabel_login.produk_id' in 'on clause'
CRITICAL - 2021-12-18 03:39:15 --> Unknown column 'tabel_login.produk_id' in 'on clause'
#0 C:\xampp\htdocs\Penyakit Tanaman\system\Database\MySQLi\Connection.php(292): mysqli->query('SELECT *\nFROM `...', 0)
#1 C:\xampp\htdocs\Penyakit Tanaman\system\Database\BaseConnection.php(670): CodeIgniter\Database\MySQLi\Connection->execute('SELECT *\nFROM `...')
#2 C:\xampp\htdocs\Penyakit Tanaman\system\Database\BaseConnection.php(598): CodeIgniter\Database\BaseConnection->simpleQuery('SELECT *\nFROM `...')
#3 C:\xampp\htdocs\Penyakit Tanaman\system\Database\BaseBuilder.php(1443): CodeIgniter\Database\BaseConnection->query('SELECT *\nFROM `...', Array, false)
#4 C:\xampp\htdocs\Penyakit Tanaman\app\Models\CartModels.php(15): CodeIgniter\Database\BaseBuilder->get()
#5 C:\xampp\htdocs\Penyakit Tanaman\app\Controllers\Shop.php(52): App\Models\CartModels->getShop()
#6 C:\xampp\htdocs\Penyakit Tanaman\system\CodeIgniter.php(824): App\Controllers\Shop->cartShow()
#7 C:\xampp\htdocs\Penyakit Tanaman\system\CodeIgniter.php(410): CodeIgniter\CodeIgniter->runController(Object(App\Controllers\Shop))
#8 C:\xampp\htdocs\Penyakit Tanaman\system\CodeIgniter.php(318): CodeIgniter\CodeIgniter->handleRequest(NULL, Object(Config\Cache), false)
#9 C:\xampp\htdocs\Penyakit Tanaman\public\index.php(37): CodeIgniter\CodeIgniter->run()
#10 C:\xampp\htdocs\Penyakit Tanaman\system\Commands\Server\rewrite.php(43): require_once('C:\\xampp\\htdocs...')
#11 {main}
CRITICAL - 2021-12-18 03:39:41 --> Call to a member function findAll() on array
#0 C:\xampp\htdocs\Penyakit Tanaman\system\CodeIgniter.php(824): App\Controllers\Shop->cartShow()
#1 C:\xampp\htdocs\Penyakit Tanaman\system\CodeIgniter.php(410): CodeIgniter\CodeIgniter->runController(Object(App\Controllers\Shop))
#2 C:\xampp\htdocs\Penyakit Tanaman\system\CodeIgniter.php(318): CodeIgniter\CodeIgniter->handleRequest(NULL, Object(Config\Cache), false)
#3 C:\xampp\htdocs\Penyakit Tanaman\public\index.php(37): CodeIgniter\CodeIgniter->run()
#4 C:\xampp\htdocs\Penyakit Tanaman\system\Commands\Server\rewrite.php(43): require_once('C:\\xampp\\htdocs...')
#5 {main}
CRITICAL - 2021-12-18 03:42:04 --> Undefined index: created_id
#0 C:\xampp\htdocs\Penyakit Tanaman\app\Views\toko\cart.php(224): CodeIgniter\Debug\Exceptions->errorHandler(8, 'Undefined index...', 'C:\\xampp\\htdocs...', 224, Array)
#1 C:\xampp\htdocs\Penyakit Tanaman\system\View\View.php(214): include('C:\\xampp\\htdocs...')
#2 C:\xampp\htdocs\Penyakit Tanaman\system\View\View.php(217): CodeIgniter\View\View->CodeIgniter\View\{closure}()
#3 C:\xampp\htdocs\Penyakit Tanaman\system\Common.php(1097): CodeIgniter\View\View->render('toko/cart', Array, true)
#4 C:\xampp\htdocs\Penyakit Tanaman\app\Controllers\Shop.php(64): view('toko/cart', Array)
#5 C:\xampp\htdocs\Penyakit Tanaman\system\CodeIgniter.php(824): App\Controllers\Shop->cartShow()
#6 C:\xampp\htdocs\Penyakit Tanaman\system\CodeIgniter.php(410): CodeIgniter\CodeIgniter->runController(Object(App\Controllers\Shop))
#7 C:\xampp\htdocs\Penyakit Tanaman\system\CodeIgniter.php(318): CodeIgniter\CodeIgniter->handleRequest(NULL, Object(Config\Cache), false)
#8 C:\xampp\htdocs\Penyakit Tanaman\public\index.php(37): CodeIgniter\CodeIgniter->run()
#9 C:\xampp\htdocs\Penyakit Tanaman\system\Commands\Server\rewrite.php(43): require_once('C:\\xampp\\htdocs...')
#10 {main}
CRITICAL - 2021-12-18 03:49:25 --> Undefined index: nama
#0 C:\xampp\htdocs\Penyakit Tanaman\app\Views\toko\cart.php(209): CodeIgniter\Debug\Exceptions->errorHandler(8, 'Undefined index...', 'C:\\xampp\\htdocs...', 209, Array)
#1 C:\xampp\htdocs\Penyakit Tanaman\system\View\View.php(214): include('C:\\xampp\\htdocs...')
#2 C:\xampp\htdocs\Penyakit Tanaman\system\View\View.php(217): CodeIgniter\View\View->CodeIgniter\View\{closure}()
#3 C:\xampp\htdocs\Penyakit Tanaman\system\Common.php(1097): CodeIgniter\View\View->render('toko/cart', Array, true)
#4 C:\xampp\htdocs\Penyakit Tanaman\app\Controllers\Shop.php(64): view('toko/cart', Array)
#5 C:\xampp\htdocs\Penyakit Tanaman\system\CodeIgniter.php(824): App\Controllers\Shop->cartShow()
#6 C:\xampp\htdocs\Penyakit Tanaman\system\CodeIgniter.php(410): CodeIgniter\CodeIgniter->runController(Object(App\Controllers\Shop))
#7 C:\xampp\htdocs\Penyakit Tanaman\system\CodeIgniter.php(318): CodeIgniter\CodeIgniter->handleRequest(NULL, Object(Config\Cache), false)
#8 C:\xampp\htdocs\Penyakit Tanaman\public\index.php(37): CodeIgniter\CodeIgniter->run()
#9 C:\xampp\htdocs\Penyakit Tanaman\system\Commands\Server\rewrite.php(43): require_once('C:\\xampp\\htdocs...')
#10 {main}
CRITICAL - 2021-12-18 03:55:28 --> Call to a member function getShop() on array
#0 C:\xampp\htdocs\Penyakit Tanaman\system\CodeIgniter.php(824): App\Controllers\Shop->cartShow()
#1 C:\xampp\htdocs\Penyakit Tanaman\system\CodeIgniter.php(410): CodeIgniter\CodeIgniter->runController(Object(App\Controllers\Shop))
#2 C:\xampp\htdocs\Penyakit Tanaman\system\CodeIgniter.php(318): CodeIgniter\CodeIgniter->handleRequest(NULL, Object(Config\Cache), false)
#3 C:\xampp\htdocs\Penyakit Tanaman\public\index.php(37): CodeIgniter\CodeIgniter->run()
#4 C:\xampp\htdocs\Penyakit Tanaman\system\Commands\Server\rewrite.php(43): require_once('C:\\xampp\\htdocs...')
#5 {main}
CRITICAL - 2021-12-18 03:55:38 --> Call to a member function getShop() on array
#0 C:\xampp\htdocs\Penyakit Tanaman\system\CodeIgniter.php(824): App\Controllers\Shop->cartShow()
#1 C:\xampp\htdocs\Penyakit Tanaman\system\CodeIgniter.php(410): CodeIgniter\CodeIgniter->runController(Object(App\Controllers\Shop))
#2 C:\xampp\htdocs\Penyakit Tanaman\system\CodeIgniter.php(318): CodeIgniter\CodeIgniter->handleRequest(NULL, Object(Config\Cache), false)
#3 C:\xampp\htdocs\Penyakit Tanaman\public\index.php(37): CodeIgniter\CodeIgniter->run()
#4 C:\xampp\htdocs\Penyakit Tanaman\system\Commands\Server\rewrite.php(43): require_once('C:\\xampp\\htdocs...')
#5 {main}
CRITICAL - 2021-12-18 03:58:19 --> Trying to access array offset on value of type int
#0 C:\xampp\htdocs\Penyakit Tanaman\app\Views\toko\cart.php(209): CodeIgniter\Debug\Exceptions->errorHandler(8, 'Trying to acces...', 'C:\\xampp\\htdocs...', 209, Array)
#1 C:\xampp\htdocs\Penyakit Tanaman\system\View\View.php(214): include('C:\\xampp\\htdocs...')
#2 C:\xampp\htdocs\Penyakit Tanaman\system\View\View.php(217): CodeIgniter\View\View->CodeIgniter\View\{closure}()
#3 C:\xampp\htdocs\Penyakit Tanaman\system\Common.php(1097): CodeIgniter\View\View->render('toko/cart', Array, true)
#4 C:\xampp\htdocs\Penyakit Tanaman\app\Controllers\Shop.php(64): view('toko/cart', Array)
#5 C:\xampp\htdocs\Penyakit Tanaman\system\CodeIgniter.php(824): App\Controllers\Shop->cartShow()
#6 C:\xampp\htdocs\Penyakit Tanaman\system\CodeIgniter.php(410): CodeIgniter\CodeIgniter->runController(Object(App\Controllers\Shop))
#7 C:\xampp\htdocs\Penyakit Tanaman\system\CodeIgniter.php(318): CodeIgniter\CodeIgniter->handleRequest(NULL, Object(Config\Cache), false)
#8 C:\xampp\htdocs\Penyakit Tanaman\public\index.php(37): CodeIgniter\CodeIgniter->run()
#9 C:\xampp\htdocs\Penyakit Tanaman\system\Commands\Server\rewrite.php(43): require_once('C:\\xampp\\htdocs...')
#10 {main}
CRITICAL - 2021-12-18 03:58:39 --> Trying to access array offset on value of type int
#0 C:\xampp\htdocs\Penyakit Tanaman\app\Views\toko\cart.php(209): CodeIgniter\Debug\Exceptions->errorHandler(8, 'Trying to acces...', 'C:\\xampp\\htdocs...', 209, Array)
#1 C:\xampp\htdocs\Penyakit Tanaman\system\View\View.php(214): include('C:\\xampp\\htdocs...')
#2 C:\xampp\htdocs\Penyakit Tanaman\system\View\View.php(217): CodeIgniter\View\View->CodeIgniter\View\{closure}()
#3 C:\xampp\htdocs\Penyakit Tanaman\system\Common.php(1097): CodeIgniter\View\View->render('toko/cart', Array, true)
#4 C:\xampp\htdocs\Penyakit Tanaman\app\Controllers\Shop.php(64): view('toko/cart', Array)
#5 C:\xampp\htdocs\Penyakit Tanaman\system\CodeIgniter.php(824): App\Controllers\Shop->cartShow()
#6 C:\xampp\htdocs\Penyakit Tanaman\system\CodeIgniter.php(410): CodeIgniter\CodeIgniter->runController(Object(App\Controllers\Shop))
#7 C:\xampp\htdocs\Penyakit Tanaman\system\CodeIgniter.php(318): CodeIgniter\CodeIgniter->handleRequest(NULL, Object(Config\Cache), false)
#8 C:\xampp\htdocs\Penyakit Tanaman\public\index.php(37): CodeIgniter\CodeIgniter->run()
#9 C:\xampp\htdocs\Penyakit Tanaman\system\Commands\Server\rewrite.php(43): require_once('C:\\xampp\\htdocs...')
#10 {main}
CRITICAL - 2021-12-18 03:58:41 --> Trying to access array offset on value of type int
#0 C:\xampp\htdocs\Penyakit Tanaman\app\Views\toko\cart.php(209): CodeIgniter\Debug\Exceptions->errorHandler(8, 'Trying to acces...', 'C:\\xampp\\htdocs...', 209, Array)
#1 C:\xampp\htdocs\Penyakit Tanaman\system\View\View.php(214): include('C:\\xampp\\htdocs...')
#2 C:\xampp\htdocs\Penyakit Tanaman\system\View\View.php(217): CodeIgniter\View\View->CodeIgniter\View\{closure}()
#3 C:\xampp\htdocs\Penyakit Tanaman\system\Common.php(1097): CodeIgniter\View\View->render('toko/cart', Array, true)
#4 C:\xampp\htdocs\Penyakit Tanaman\app\Controllers\Shop.php(64): view('toko/cart', Array)
#5 C:\xampp\htdocs\Penyakit Tanaman\system\CodeIgniter.php(824): App\Controllers\Shop->cartShow()
#6 C:\xampp\htdocs\Penyakit Tanaman\system\CodeIgniter.php(410): CodeIgniter\CodeIgniter->runController(Object(App\Controllers\Shop))
#7 C:\xampp\htdocs\Penyakit Tanaman\system\CodeIgniter.php(318): CodeIgniter\CodeIgniter->handleRequest(NULL, Object(Config\Cache), false)
#8 C:\xampp\htdocs\Penyakit Tanaman\public\index.php(37): CodeIgniter\CodeIgniter->run()
#9 C:\xampp\htdocs\Penyakit Tanaman\system\Commands\Server\rewrite.php(43): require_once('C:\\xampp\\htdocs...')
#10 {main}
CRITICAL - 2021-12-18 04:00:31 --> Call to a member function where() on array
#0 C:\xampp\htdocs\Penyakit Tanaman\system\CodeIgniter.php(824): App\Controllers\Shop->cartShow()
#1 C:\xampp\htdocs\Penyakit Tanaman\system\CodeIgniter.php(410): CodeIgniter\CodeIgniter->runController(Object(App\Controllers\Shop))
#2 C:\xampp\htdocs\Penyakit Tanaman\system\CodeIgniter.php(318): CodeIgniter\CodeIgniter->handleRequest(NULL, Object(Config\Cache), false)
#3 C:\xampp\htdocs\Penyakit Tanaman\public\index.php(37): CodeIgniter\CodeIgniter->run()
#4 C:\xampp\htdocs\Penyakit Tanaman\system\Commands\Server\rewrite.php(43): require_once('C:\\xampp\\htdocs...')
#5 {main}
CRITICAL - 2021-12-18 04:08:17 --> Call to a member function getShop() on array
#0 C:\xampp\htdocs\Penyakit Tanaman\system\CodeIgniter.php(824): App\Controllers\Shop->cartShow()
#1 C:\xampp\htdocs\Penyakit Tanaman\system\CodeIgniter.php(410): CodeIgniter\CodeIgniter->runController(Object(App\Controllers\Shop))
#2 C:\xampp\htdocs\Penyakit Tanaman\system\CodeIgniter.php(318): CodeIgniter\CodeIgniter->handleRequest(NULL, Object(Config\Cache), false)
#3 C:\xampp\htdocs\Penyakit Tanaman\public\index.php(37): CodeIgniter\CodeIgniter->run()
#4 C:\xampp\htdocs\Penyakit Tanaman\system\Commands\Server\rewrite.php(43): require_once('C:\\xampp\\htdocs...')
#5 {main}
CRITICAL - 2021-12-18 04:08:36 --> Undefined index: nama
#0 C:\xampp\htdocs\Penyakit Tanaman\app\Views\toko\cart.php(209): CodeIgniter\Debug\Exceptions->errorHandler(8, 'Undefined index...', 'C:\\xampp\\htdocs...', 209, Array)
#1 C:\xampp\htdocs\Penyakit Tanaman\system\View\View.php(214): include('C:\\xampp\\htdocs...')
#2 C:\xampp\htdocs\Penyakit Tanaman\system\View\View.php(217): CodeIgniter\View\View->CodeIgniter\View\{closure}()
#3 C:\xampp\htdocs\Penyakit Tanaman\system\Common.php(1097): CodeIgniter\View\View->render('toko/cart', Array, true)
#4 C:\xampp\htdocs\Penyakit Tanaman\app\Controllers\Shop.php(67): view('toko/cart', Array)
#5 C:\xampp\htdocs\Penyakit Tanaman\system\CodeIgniter.php(824): App\Controllers\Shop->cartShow()
#6 C:\xampp\htdocs\Penyakit Tanaman\system\CodeIgniter.php(410): CodeIgniter\CodeIgniter->runController(Object(App\Controllers\Shop))
#7 C:\xampp\htdocs\Penyakit Tanaman\system\CodeIgniter.php(318): CodeIgniter\CodeIgniter->handleRequest(NULL, Object(Config\Cache), false)
#8 C:\xampp\htdocs\Penyakit Tanaman\public\index.php(37): CodeIgniter\CodeIgniter->run()
#9 C:\xampp\htdocs\Penyakit Tanaman\system\Commands\Server\rewrite.php(43): require_once('C:\\xampp\\htdocs...')
#10 {main}
CRITICAL - 2021-12-18 04:08:53 --> Trying to access array offset on value of type null
#0 C:\xampp\htdocs\Penyakit Tanaman\app\Views\toko\cart.php(209): CodeIgniter\Debug\Exceptions->errorHandler(8, 'Trying to acces...', 'C:\\xampp\\htdocs...', 209, Array)
#1 C:\xampp\htdocs\Penyakit Tanaman\system\View\View.php(214): include('C:\\xampp\\htdocs...')
#2 C:\xampp\htdocs\Penyakit Tanaman\system\View\View.php(217): CodeIgniter\View\View->CodeIgniter\View\{closure}()
#3 C:\xampp\htdocs\Penyakit Tanaman\system\Common.php(1097): CodeIgniter\View\View->render('toko/cart', Array, true)
#4 C:\xampp\htdocs\Penyakit Tanaman\app\Controllers\Shop.php(67): view('toko/cart', Array)
#5 C:\xampp\htdocs\Penyakit Tanaman\system\CodeIgniter.php(824): App\Controllers\Shop->cartShow()
#6 C:\xampp\htdocs\Penyakit Tanaman\system\CodeIgniter.php(410): CodeIgniter\CodeIgniter->runController(Object(App\Controllers\Shop))
#7 C:\xampp\htdocs\Penyakit Tanaman\system\CodeIgniter.php(318): CodeIgniter\CodeIgniter->handleRequest(NULL, Object(Config\Cache), false)
#8 C:\xampp\htdocs\Penyakit Tanaman\public\index.php(37): CodeIgniter\CodeIgniter->run()
#9 C:\xampp\htdocs\Penyakit Tanaman\system\Commands\Server\rewrite.php(43): require_once('C:\\xampp\\htdocs...')
#10 {main}
CRITICAL - 2021-12-18 04:10:22 --> Call to a member function getShop() on array
#0 C:\xampp\htdocs\Penyakit Tanaman\system\CodeIgniter.php(824): App\Controllers\Shop->cartShow()
#1 C:\xampp\htdocs\Penyakit Tanaman\system\CodeIgniter.php(410): CodeIgniter\CodeIgniter->runController(Object(App\Controllers\Shop))
#2 C:\xampp\htdocs\Penyakit Tanaman\system\CodeIgniter.php(318): CodeIgniter\CodeIgniter->handleRequest(NULL, Object(Config\Cache), false)
#3 C:\xampp\htdocs\Penyakit Tanaman\public\index.php(37): CodeIgniter\CodeIgniter->run()
#4 C:\xampp\htdocs\Penyakit Tanaman\system\Commands\Server\rewrite.php(43): require_once('C:\\xampp\\htdocs...')
#5 {main}
CRITICAL - 2021-12-18 04:10:34 --> Call to a member function getShop() on array
#0 C:\xampp\htdocs\Penyakit Tanaman\system\CodeIgniter.php(824): App\Controllers\Shop->cartShow()
#1 C:\xampp\htdocs\Penyakit Tanaman\system\CodeIgniter.php(410): CodeIgniter\CodeIgniter->runController(Object(App\Controllers\Shop))
#2 C:\xampp\htdocs\Penyakit Tanaman\system\CodeIgniter.php(318): CodeIgniter\CodeIgniter->handleRequest(NULL, Object(Config\Cache), false)
#3 C:\xampp\htdocs\Penyakit Tanaman\public\index.php(37): CodeIgniter\CodeIgniter->run()
#4 C:\xampp\htdocs\Penyakit Tanaman\system\Commands\Server\rewrite.php(43): require_once('C:\\xampp\\htdocs...')
#5 {main}
CRITICAL - 2021-12-18 04:10:36 --> Call to a member function getShop() on array
#0 C:\xampp\htdocs\Penyakit Tanaman\system\CodeIgniter.php(824): App\Controllers\Shop->cartShow()
#1 C:\xampp\htdocs\Penyakit Tanaman\system\CodeIgniter.php(410): CodeIgniter\CodeIgniter->runController(Object(App\Controllers\Shop))
#2 C:\xampp\htdocs\Penyakit Tanaman\system\CodeIgniter.php(318): CodeIgniter\CodeIgniter->handleRequest(NULL, Object(Config\Cache), false)
#3 C:\xampp\htdocs\Penyakit Tanaman\public\index.php(37): CodeIgniter\CodeIgniter->run()
#4 C:\xampp\htdocs\Penyakit Tanaman\system\Commands\Server\rewrite.php(43): require_once('C:\\xampp\\htdocs...')
#5 {main}
CRITICAL - 2021-12-18 04:11:01 --> Call to a member function getShop() on array
#0 C:\xampp\htdocs\Penyakit Tanaman\system\CodeIgniter.php(824): App\Controllers\Shop->cartShow()
#1 C:\xampp\htdocs\Penyakit Tanaman\system\CodeIgniter.php(410): CodeIgniter\CodeIgniter->runController(Object(App\Controllers\Shop))
#2 C:\xampp\htdocs\Penyakit Tanaman\system\CodeIgniter.php(318): CodeIgniter\CodeIgniter->handleRequest(NULL, Object(Config\Cache), false)
#3 C:\xampp\htdocs\Penyakit Tanaman\public\index.php(37): CodeIgniter\CodeIgniter->run()
#4 C:\xampp\htdocs\Penyakit Tanaman\system\Commands\Server\rewrite.php(43): require_once('C:\\xampp\\htdocs...')
#5 {main}
CRITICAL - 2021-12-18 04:12:15 --> Call to undefined function App\Controllers\getShop()
#0 C:\xampp\htdocs\Penyakit Tanaman\system\CodeIgniter.php(824): App\Controllers\Shop->cartShow()
#1 C:\xampp\htdocs\Penyakit Tanaman\system\CodeIgniter.php(410): CodeIgniter\CodeIgniter->runController(Object(App\Controllers\Shop))
#2 C:\xampp\htdocs\Penyakit Tanaman\system\CodeIgniter.php(318): CodeIgniter\CodeIgniter->handleRequest(NULL, Object(Config\Cache), false)
#3 C:\xampp\htdocs\Penyakit Tanaman\public\index.php(37): CodeIgniter\CodeIgniter->run()
#4 C:\xampp\htdocs\Penyakit Tanaman\system\Commands\Server\rewrite.php(43): require_once('C:\\xampp\\htdocs...')
#5 {main}
CRITICAL - 2021-12-18 04:12:26 --> Call to a member function getShop() on array
#0 C:\xampp\htdocs\Penyakit Tanaman\system\CodeIgniter.php(824): App\Controllers\Shop->cartShow()
#1 C:\xampp\htdocs\Penyakit Tanaman\system\CodeIgniter.php(410): CodeIgniter\CodeIgniter->runController(Object(App\Controllers\Shop))
#2 C:\xampp\htdocs\Penyakit Tanaman\system\CodeIgniter.php(318): CodeIgniter\CodeIgniter->handleRequest(NULL, Object(Config\Cache), false)
#3 C:\xampp\htdocs\Penyakit Tanaman\public\index.php(37): CodeIgniter\CodeIgniter->run()
#4 C:\xampp\htdocs\Penyakit Tanaman\system\Commands\Server\rewrite.php(43): require_once('C:\\xampp\\htdocs...')
#5 {main}
CRITICAL - 2021-12-18 04:13:48 --> Array to string conversion
#0 C:\xampp\htdocs\Penyakit Tanaman\system\Database\BaseBuilder.php(1017): CodeIgniter\Debug\Exceptions->errorHandler(8, 'Array to string...', 'C:\\xampp\\htdocs...', 1017, Array)
#1 C:\xampp\htdocs\Penyakit Tanaman\system\Database\BaseBuilder.php(886): CodeIgniter\Database\BaseBuilder->_like(Array, '', 'AND ', 'both', '', true, false)
#2 C:\xampp\htdocs\Penyakit Tanaman\system\Model.php(723): CodeIgniter\Database\BaseBuilder->like(Array)
#3 C:\xampp\htdocs\Penyakit Tanaman\app\Controllers\Shop.php(60): CodeIgniter\Model->__call('like', Array)
#4 C:\xampp\htdocs\Penyakit Tanaman\system\CodeIgniter.php(824): App\Controllers\Shop->cartShow()
#5 C:\xampp\htdocs\Penyakit Tanaman\system\CodeIgniter.php(410): CodeIgniter\CodeIgniter->runController(Object(App\Controllers\Shop))
#6 C:\xampp\htdocs\Penyakit Tanaman\system\CodeIgniter.php(318): CodeIgniter\CodeIgniter->handleRequest(NULL, Object(Config\Cache), false)
#7 C:\xampp\htdocs\Penyakit Tanaman\public\index.php(37): CodeIgniter\CodeIgniter->run()
#8 C:\xampp\htdocs\Penyakit Tanaman\system\Commands\Server\rewrite.php(43): require_once('C:\\xampp\\htdocs...')
#9 {main}
CRITICAL - 2021-12-18 04:14:07 --> Argument 2 passed to CodeIgniter\Database\BaseBuilder::like() must be of the type string, array given, called in C:\xampp\htdocs\Penyakit Tanaman\system\Model.php on line 723
#0 C:\xampp\htdocs\Penyakit Tanaman\system\Model.php(723): CodeIgniter\Database\BaseBuilder->like('produk_id', Array)
#1 C:\xampp\htdocs\Penyakit Tanaman\app\Controllers\Shop.php(60): CodeIgniter\Model->__call('like', Array)
#2 C:\xampp\htdocs\Penyakit Tanaman\system\CodeIgniter.php(824): App\Controllers\Shop->cartShow()
#3 C:\xampp\htdocs\Penyakit Tanaman\system\CodeIgniter.php(410): CodeIgniter\CodeIgniter->runController(Object(App\Controllers\Shop))
#4 C:\xampp\htdocs\Penyakit Tanaman\system\CodeIgniter.php(318): CodeIgniter\CodeIgniter->handleRequest(NULL, Object(Config\Cache), false)
#5 C:\xampp\htdocs\Penyakit Tanaman\public\index.php(37): CodeIgniter\CodeIgniter->run()
#6 C:\xampp\htdocs\Penyakit Tanaman\system\Commands\Server\rewrite.php(43): require_once('C:\\xampp\\htdocs...')
#7 {main}
CRITICAL - 2021-12-18 04:14:16 --> Call to undefined method App\Models\CartModels::or
#0 C:\xampp\htdocs\Penyakit Tanaman\app\Controllers\Shop.php(60): CodeIgniter\Model->__call('or', Array)
#1 C:\xampp\htdocs\Penyakit Tanaman\system\CodeIgniter.php(824): App\Controllers\Shop->cartShow()
#2 C:\xampp\htdocs\Penyakit Tanaman\system\CodeIgniter.php(410): CodeIgniter\CodeIgniter->runController(Object(App\Controllers\Shop))
#3 C:\xampp\htdocs\Penyakit Tanaman\system\CodeIgniter.php(318): CodeIgniter\CodeIgniter->handleRequest(NULL, Object(Config\Cache), false)
#4 C:\xampp\htdocs\Penyakit Tanaman\public\index.php(37): CodeIgniter\CodeIgniter->run()
#5 C:\xampp\htdocs\Penyakit Tanaman\system\Commands\Server\rewrite.php(43): require_once('C:\\xampp\\htdocs...')
#6 {main}
CRITICAL - 2021-12-18 04:14:24 --> Call to undefined method App\Models\CartModels::to
#0 C:\xampp\htdocs\Penyakit Tanaman\app\Controllers\Shop.php(60): CodeIgniter\Model->__call('to', Array)
#1 C:\xampp\htdocs\Penyakit Tanaman\system\CodeIgniter.php(824): App\Controllers\Shop->cartShow()
#2 C:\xampp\htdocs\Penyakit Tanaman\system\CodeIgniter.php(410): CodeIgniter\CodeIgniter->runController(Object(App\Controllers\Shop))
#3 C:\xampp\htdocs\Penyakit Tanaman\system\CodeIgniter.php(318): CodeIgniter\CodeIgniter->handleRequest(NULL, Object(Config\Cache), false)
#4 C:\xampp\htdocs\Penyakit Tanaman\public\index.php(37): CodeIgniter\CodeIgniter->run()
#5 C:\xampp\htdocs\Penyakit Tanaman\system\Commands\Server\rewrite.php(43): require_once('C:\\xampp\\htdocs...')
#6 {main}
CRITICAL - 2021-12-18 04:15:00 --> Array to string conversion
#0 C:\xampp\htdocs\Penyakit Tanaman\app\Controllers\Shop.php(60): CodeIgniter\Debug\Exceptions->errorHandler(8, 'Array to string...', 'C:\\xampp\\htdocs...', 60, Array)
#1 C:\xampp\htdocs\Penyakit Tanaman\system\CodeIgniter.php(824): App\Controllers\Shop->cartShow()
#2 C:\xampp\htdocs\Penyakit Tanaman\system\CodeIgniter.php(410): CodeIgniter\CodeIgniter->runController(Object(App\Controllers\Shop))
#3 C:\xampp\htdocs\Penyakit Tanaman\system\CodeIgniter.php(318): CodeIgniter\CodeIgniter->handleRequest(NULL, Object(Config\Cache), false)
#4 C:\xampp\htdocs\Penyakit Tanaman\public\index.php(37): CodeIgniter\CodeIgniter->run()
#5 C:\xampp\htdocs\Penyakit Tanaman\system\Commands\Server\rewrite.php(43): require_once('C:\\xampp\\htdocs...')
#6 {main}
CRITICAL - 2021-12-18 04:20:16 --> Call to undefined function App\Controllers\findAll()
#0 C:\xampp\htdocs\Penyakit Tanaman\system\CodeIgniter.php(824): App\Controllers\Shop->cartShow()
#1 C:\xampp\htdocs\Penyakit Tanaman\system\CodeIgniter.php(410): CodeIgniter\CodeIgniter->runController(Object(App\Controllers\Shop))
#2 C:\xampp\htdocs\Penyakit Tanaman\system\CodeIgniter.php(318): CodeIgniter\CodeIgniter->handleRequest(NULL, Object(Config\Cache), false)
#3 C:\xampp\htdocs\Penyakit Tanaman\public\index.php(37): CodeIgniter\CodeIgniter->run()
#4 C:\xampp\htdocs\Penyakit Tanaman\system\Commands\Server\rewrite.php(43): require_once('C:\\xampp\\htdocs...')
#5 {main}
CRITICAL - 2021-12-18 04:20:50 --> Trying to access array offset on value of type null
#0 C:\xampp\htdocs\Penyakit Tanaman\app\Views\toko\cart.php(209): CodeIgniter\Debug\Exceptions->errorHandler(8, 'Trying to acces...', 'C:\\xampp\\htdocs...', 209, Array)
#1 C:\xampp\htdocs\Penyakit Tanaman\system\View\View.php(214): include('C:\\xampp\\htdocs...')
#2 C:\xampp\htdocs\Penyakit Tanaman\system\View\View.php(217): CodeIgniter\View\View->CodeIgniter\View\{closure}()
#3 C:\xampp\htdocs\Penyakit Tanaman\system\Common.php(1097): CodeIgniter\View\View->render('toko/cart', Array, true)
#4 C:\xampp\htdocs\Penyakit Tanaman\app\Controllers\Shop.php(67): view('toko/cart', Array)
#5 C:\xampp\htdocs\Penyakit Tanaman\system\CodeIgniter.php(824): App\Controllers\Shop->cartShow()
#6 C:\xampp\htdocs\Penyakit Tanaman\system\CodeIgniter.php(410): CodeIgniter\CodeIgniter->runController(Object(App\Controllers\Shop))
#7 C:\xampp\htdocs\Penyakit Tanaman\system\CodeIgniter.php(318): CodeIgniter\CodeIgniter->handleRequest(NULL, Object(Config\Cache), false)
#8 C:\xampp\htdocs\Penyakit Tanaman\public\index.php(37): CodeIgniter\CodeIgniter->run()
#9 C:\xampp\htdocs\Penyakit Tanaman\system\Commands\Server\rewrite.php(43): require_once('C:\\xampp\\htdocs...')
#10 {main}
CRITICAL - 2021-12-18 04:21:09 --> Argument 1 passed to CodeIgniter\BaseModel::findAll() must be of the type int, string given, called in C:\xampp\htdocs\Penyakit Tanaman\app\Controllers\Shop.php on line 59
#0 C:\xampp\htdocs\Penyakit Tanaman\app\Controllers\Shop.php(59): CodeIgniter\BaseModel->findAll('produk_id')
#1 C:\xampp\htdocs\Penyakit Tanaman\system\CodeIgniter.php(824): App\Controllers\Shop->cartShow()
#2 C:\xampp\htdocs\Penyakit Tanaman\system\CodeIgniter.php(410): CodeIgniter\CodeIgniter->runController(Object(App\Controllers\Shop))
#3 C:\xampp\htdocs\Penyakit Tanaman\system\CodeIgniter.php(318): CodeIgniter\CodeIgniter->handleRequest(NULL, Object(Config\Cache), false)
#4 C:\xampp\htdocs\Penyakit Tanaman\public\index.php(37): CodeIgniter\CodeIgniter->run()
#5 C:\xampp\htdocs\Penyakit Tanaman\system\Commands\Server\rewrite.php(43): require_once('C:\\xampp\\htdocs...')
#6 {main}
CRITICAL - 2021-12-18 04:21:22 --> Undefined index: nama
#0 C:\xampp\htdocs\Penyakit Tanaman\app\Views\toko\cart.php(209): CodeIgniter\Debug\Exceptions->errorHandler(8, 'Undefined index...', 'C:\\xampp\\htdocs...', 209, Array)
#1 C:\xampp\htdocs\Penyakit Tanaman\system\View\View.php(214): include('C:\\xampp\\htdocs...')
#2 C:\xampp\htdocs\Penyakit Tanaman\system\View\View.php(217): CodeIgniter\View\View->CodeIgniter\View\{closure}()
#3 C:\xampp\htdocs\Penyakit Tanaman\system\Common.php(1097): CodeIgniter\View\View->render('toko/cart', Array, true)
#4 C:\xampp\htdocs\Penyakit Tanaman\app\Controllers\Shop.php(67): view('toko/cart', Array)
#5 C:\xampp\htdocs\Penyakit Tanaman\system\CodeIgniter.php(824): App\Controllers\Shop->cartShow()
#6 C:\xampp\htdocs\Penyakit Tanaman\system\CodeIgniter.php(410): CodeIgniter\CodeIgniter->runController(Object(App\Controllers\Shop))
#7 C:\xampp\htdocs\Penyakit Tanaman\system\CodeIgniter.php(318): CodeIgniter\CodeIgniter->handleRequest(NULL, Object(Config\Cache), false)
#8 C:\xampp\htdocs\Penyakit Tanaman\public\index.php(37): CodeIgniter\CodeIgniter->run()
#9 C:\xampp\htdocs\Penyakit Tanaman\system\Commands\Server\rewrite.php(43): require_once('C:\\xampp\\htdocs...')
#10 {main}
CRITICAL - 2021-12-18 04:21:43 --> Argument 1 passed to CodeIgniter\BaseModel::findAll() must be of the type int, string given, called in C:\xampp\htdocs\Penyakit Tanaman\app\Controllers\Shop.php on line 59
#0 C:\xampp\htdocs\Penyakit Tanaman\app\Controllers\Shop.php(59): CodeIgniter\BaseModel->findAll('produk_id', 2)
#1 C:\xampp\htdocs\Penyakit Tanaman\system\CodeIgniter.php(824): App\Controllers\Shop->cartShow()
#2 C:\xampp\htdocs\Penyakit Tanaman\system\CodeIgniter.php(410): CodeIgniter\CodeIgniter->runController(Object(App\Controllers\Shop))
#3 C:\xampp\htdocs\Penyakit Tanaman\system\CodeIgniter.php(318): CodeIgniter\CodeIgniter->handleRequest(NULL, Object(Config\Cache), false)
#4 C:\xampp\htdocs\Penyakit Tanaman\public\index.php(37): CodeIgniter\CodeIgniter->run()
#5 C:\xampp\htdocs\Penyakit Tanaman\system\Commands\Server\rewrite.php(43): require_once('C:\\xampp\\htdocs...')
#6 {main}
CRITICAL - 2021-12-18 04:21:49 --> Argument 1 passed to CodeIgniter\BaseModel::findAll() must be of the type int, string given, called in C:\xampp\htdocs\Penyakit Tanaman\app\Controllers\Shop.php on line 59
#0 C:\xampp\htdocs\Penyakit Tanaman\app\Controllers\Shop.php(59): CodeIgniter\BaseModel->findAll('produk_id')
#1 C:\xampp\htdocs\Penyakit Tanaman\system\CodeIgniter.php(824): App\Controllers\Shop->cartShow()
#2 C:\xampp\htdocs\Penyakit Tanaman\system\CodeIgniter.php(410): CodeIgniter\CodeIgniter->runController(Object(App\Controllers\Shop))
#3 C:\xampp\htdocs\Penyakit Tanaman\system\CodeIgniter.php(318): CodeIgniter\CodeIgniter->handleRequest(NULL, Object(Config\Cache), false)
#4 C:\xampp\htdocs\Penyakit Tanaman\public\index.php(37): CodeIgniter\CodeIgniter->run()
#5 C:\xampp\htdocs\Penyakit Tanaman\system\Commands\Server\rewrite.php(43): require_once('C:\\xampp\\htdocs...')
#6 {main}
CRITICAL - 2021-12-18 04:21:54 --> Undefined index: nama
#0 C:\xampp\htdocs\Penyakit Tanaman\app\Views\toko\cart.php(209): CodeIgniter\Debug\Exceptions->errorHandler(8, 'Undefined index...', 'C:\\xampp\\htdocs...', 209, Array)
#1 C:\xampp\htdocs\Penyakit Tanaman\system\View\View.php(214): include('C:\\xampp\\htdocs...')
#2 C:\xampp\htdocs\Penyakit Tanaman\system\View\View.php(217): CodeIgniter\View\View->CodeIgniter\View\{closure}()
#3 C:\xampp\htdocs\Penyakit Tanaman\system\Common.php(1097): CodeIgniter\View\View->render('toko/cart', Array, true)
#4 C:\xampp\htdocs\Penyakit Tanaman\app\Controllers\Shop.php(67): view('toko/cart', Array)
#5 C:\xampp\htdocs\Penyakit Tanaman\system\CodeIgniter.php(824): App\Controllers\Shop->cartShow()
#6 C:\xampp\htdocs\Penyakit Tanaman\system\CodeIgniter.php(410): CodeIgniter\CodeIgniter->runController(Object(App\Controllers\Shop))
#7 C:\xampp\htdocs\Penyakit Tanaman\system\CodeIgniter.php(318): CodeIgniter\CodeIgniter->handleRequest(NULL, Object(Config\Cache), false)
#8 C:\xampp\htdocs\Penyakit Tanaman\public\index.php(37): CodeIgniter\CodeIgniter->run()
#9 C:\xampp\htdocs\Penyakit Tanaman\system\Commands\Server\rewrite.php(43): require_once('C:\\xampp\\htdocs...')
#10 {main}
CRITICAL - 2021-12-18 04:23:26 --> Argument 1 passed to CodeIgniter\BaseModel::findAll() must be of the type int, string given, called in C:\xampp\htdocs\Penyakit Tanaman\app\Controllers\Shop.php on line 59
#0 C:\xampp\htdocs\Penyakit Tanaman\app\Controllers\Shop.php(59): CodeIgniter\BaseModel->findAll('produk_id')
#1 C:\xampp\htdocs\Penyakit Tanaman\system\CodeIgniter.php(824): App\Controllers\Shop->cartShow()
#2 C:\xampp\htdocs\Penyakit Tanaman\system\CodeIgniter.php(410): CodeIgniter\CodeIgniter->runController(Object(App\Controllers\Shop))
#3 C:\xampp\htdocs\Penyakit Tanaman\system\CodeIgniter.php(318): CodeIgniter\CodeIgniter->handleRequest(NULL, Object(Config\Cache), false)
#4 C:\xampp\htdocs\Penyakit Tanaman\public\index.php(37): CodeIgniter\CodeIgniter->run()
#5 C:\xampp\htdocs\Penyakit Tanaman\system\Commands\Server\rewrite.php(43): require_once('C:\\xampp\\htdocs...')
#6 {main}
CRITICAL - 2021-12-18 04:23:32 --> Undefined index: nama
#0 C:\xampp\htdocs\Penyakit Tanaman\app\Views\toko\cart.php(209): CodeIgniter\Debug\Exceptions->errorHandler(8, 'Undefined index...', 'C:\\xampp\\htdocs...', 209, Array)
#1 C:\xampp\htdocs\Penyakit Tanaman\system\View\View.php(214): include('C:\\xampp\\htdocs...')
#2 C:\xampp\htdocs\Penyakit Tanaman\system\View\View.php(217): CodeIgniter\View\View->CodeIgniter\View\{closure}()
#3 C:\xampp\htdocs\Penyakit Tanaman\system\Common.php(1097): CodeIgniter\View\View->render('toko/cart', Array, true)
#4 C:\xampp\htdocs\Penyakit Tanaman\app\Controllers\Shop.php(67): view('toko/cart', Array)
#5 C:\xampp\htdocs\Penyakit Tanaman\system\CodeIgniter.php(824): App\Controllers\Shop->cartShow()
#6 C:\xampp\htdocs\Penyakit Tanaman\system\CodeIgniter.php(410): CodeIgniter\CodeIgniter->runController(Object(App\Controllers\Shop))
#7 C:\xampp\htdocs\Penyakit Tanaman\system\CodeIgniter.php(318): CodeIgniter\CodeIgniter->handleRequest(NULL, Object(Config\Cache), false)
#8 C:\xampp\htdocs\Penyakit Tanaman\public\index.php(37): CodeIgniter\CodeIgniter->run()
#9 C:\xampp\htdocs\Penyakit Tanaman\system\Commands\Server\rewrite.php(43): require_once('C:\\xampp\\htdocs...')
#10 {main}
CRITICAL - 2021-12-18 04:23:39 --> Undefined variable: Produk
#0 C:\xampp\htdocs\Penyakit Tanaman\app\Views\toko\cart.php(209): CodeIgniter\Debug\Exceptions->errorHandler(8, 'Undefined varia...', 'C:\\xampp\\htdocs...', 209, Array)
#1 C:\xampp\htdocs\Penyakit Tanaman\system\View\View.php(214): include('C:\\xampp\\htdocs...')
#2 C:\xampp\htdocs\Penyakit Tanaman\system\View\View.php(217): CodeIgniter\View\View->CodeIgniter\View\{closure}()
#3 C:\xampp\htdocs\Penyakit Tanaman\system\Common.php(1097): CodeIgniter\View\View->render('toko/cart', Array, true)
#4 C:\xampp\htdocs\Penyakit Tanaman\app\Controllers\Shop.php(66): view('toko/cart', Array)
#5 C:\xampp\htdocs\Penyakit Tanaman\system\CodeIgniter.php(824): App\Controllers\Shop->cartShow()
#6 C:\xampp\htdocs\Penyakit Tanaman\system\CodeIgniter.php(410): CodeIgniter\CodeIgniter->runController(Object(App\Controllers\Shop))
#7 C:\xampp\htdocs\Penyakit Tanaman\system\CodeIgniter.php(318): CodeIgniter\CodeIgniter->handleRequest(NULL, Object(Config\Cache), false)
#8 C:\xampp\htdocs\Penyakit Tanaman\public\index.php(37): CodeIgniter\CodeIgniter->run()
#9 C:\xampp\htdocs\Penyakit Tanaman\system\Commands\Server\rewrite.php(43): require_once('C:\\xampp\\htdocs...')
#10 {main}
CRITICAL - 2021-12-18 04:23:46 --> Undefined variable: Produk
#0 C:\xampp\htdocs\Penyakit Tanaman\app\Views\toko\cart.php(209): CodeIgniter\Debug\Exceptions->errorHandler(8, 'Undefined varia...', 'C:\\xampp\\htdocs...', 209, Array)
#1 C:\xampp\htdocs\Penyakit Tanaman\system\View\View.php(214): include('C:\\xampp\\htdocs...')
#2 C:\xampp\htdocs\Penyakit Tanaman\system\View\View.php(217): CodeIgniter\View\View->CodeIgniter\View\{closure}()
#3 C:\xampp\htdocs\Penyakit Tanaman\system\Common.php(1097): CodeIgniter\View\View->render('toko/cart', Array, true)
#4 C:\xampp\htdocs\Penyakit Tanaman\app\Controllers\Shop.php(66): view('toko/cart', Array)
#5 C:\xampp\htdocs\Penyakit Tanaman\system\CodeIgniter.php(824): App\Controllers\Shop->cartShow()
#6 C:\xampp\htdocs\Penyakit Tanaman\system\CodeIgniter.php(410): CodeIgniter\CodeIgniter->runController(Object(App\Controllers\Shop))
#7 C:\xampp\htdocs\Penyakit Tanaman\system\CodeIgniter.php(318): CodeIgniter\CodeIgniter->handleRequest(NULL, Object(Config\Cache), false)
#8 C:\xampp\htdocs\Penyakit Tanaman\public\index.php(37): CodeIgniter\CodeIgniter->run()
#9 C:\xampp\htdocs\Penyakit Tanaman\system\Commands\Server\rewrite.php(43): require_once('C:\\xampp\\htdocs...')
#10 {main}
CRITICAL - 2021-12-18 04:23:48 --> Undefined variable: Produk
#0 C:\xampp\htdocs\Penyakit Tanaman\app\Views\toko\cart.php(209): CodeIgniter\Debug\Exceptions->errorHandler(8, 'Undefined varia...', 'C:\\xampp\\htdocs...', 209, Array)
#1 C:\xampp\htdocs\Penyakit Tanaman\system\View\View.php(214): include('C:\\xampp\\htdocs...')
#2 C:\xampp\htdocs\Penyakit Tanaman\system\View\View.php(217): CodeIgniter\View\View->CodeIgniter\View\{closure}()
#3 C:\xampp\htdocs\Penyakit Tanaman\system\Common.php(1097): CodeIgniter\View\View->render('toko/cart', Array, true)
#4 C:\xampp\htdocs\Penyakit Tanaman\app\Controllers\Shop.php(66): view('toko/cart', Array)
#5 C:\xampp\htdocs\Penyakit Tanaman\system\CodeIgniter.php(824): App\Controllers\Shop->cartShow()
#6 C:\xampp\htdocs\Penyakit Tanaman\system\CodeIgniter.php(410): CodeIgniter\CodeIgniter->runController(Object(App\Controllers\Shop))
#7 C:\xampp\htdocs\Penyakit Tanaman\system\CodeIgniter.php(318): CodeIgniter\CodeIgniter->handleRequest(NULL, Object(Config\Cache), false)
#8 C:\xampp\htdocs\Penyakit Tanaman\public\index.php(37): CodeIgniter\CodeIgniter->run()
#9 C:\xampp\htdocs\Penyakit Tanaman\system\Commands\Server\rewrite.php(43): require_once('C:\\xampp\\htdocs...')
#10 {main}
