CRITICAL - 2021-12-08 10:28:35 --> Invalid file: Beranda/.php
#0 C:\xampp\htdocs\Penyakit Tanaman\system\View\View.php(198): CodeIgniter\Exceptions\FrameworkException::forInvalidFile('Beranda/.php')
#1 C:\xampp\htdocs\Penyakit Tanaman\system\Common.php(1097): CodeIgniter\View\View->render('Beranda/', Array, true)
#2 C:\xampp\htdocs\Penyakit Tanaman\app\Controllers\Home.php(9): view('Beranda/')
#3 C:\xampp\htdocs\Penyakit Tanaman\system\CodeIgniter.php(824): App\Controllers\Home->index()
#4 C:\xampp\htdocs\Penyakit Tanaman\system\CodeIgniter.php(410): CodeIgniter\CodeIgniter->runController(Object(App\Controllers\Home))
#5 C:\xampp\htdocs\Penyakit Tanaman\system\CodeIgniter.php(318): CodeIgniter\CodeIgniter->handleRequest(NULL, Object(Config\Cache), false)
#6 C:\xampp\htdocs\Penyakit Tanaman\public\index.php(37): CodeIgniter\CodeIgniter->run()
#7 C:\xampp\htdocs\Penyakit Tanaman\system\Commands\Server\rewrite.php(43): require_once('C:\\xampp\\htdocs...')
#8 {main}
CRITICAL - 2021-12-08 11:55:24 --> Invalid file: Admin/BerandIndex.php
#0 C:\xampp\htdocs\Penyakit Tanaman\system\View\View.php(198): CodeIgniter\Exceptions\FrameworkException::forInvalidFile('Admin/BerandInd...')
#1 C:\xampp\htdocs\Penyakit Tanaman\system\Common.php(1097): CodeIgniter\View\View->render('Admin/BerandInd...', Array, true)
#2 C:\xampp\htdocs\Penyakit Tanaman\app\Controllers\Dashboard.php(9): view('Admin/BerandInd...')
#3 C:\xampp\htdocs\Penyakit Tanaman\system\CodeIgniter.php(824): App\Controllers\Dashboard->index()
#4 C:\xampp\htdocs\Penyakit Tanaman\system\CodeIgniter.php(410): CodeIgniter\CodeIgniter->runController(Object(App\Controllers\Dashboard))
#5 C:\xampp\htdocs\Penyakit Tanaman\system\CodeIgniter.php(318): CodeIgniter\CodeIgniter->handleRequest(NULL, Object(Config\Cache), false)
#6 C:\xampp\htdocs\Penyakit Tanaman\public\index.php(37): CodeIgniter\CodeIgniter->run()
#7 C:\xampp\htdocs\Penyakit Tanaman\system\Commands\Server\rewrite.php(43): require_once('C:\\xampp\\htdocs...')
#8 {main}
CRITICAL - 2021-12-08 15:09:42 --> Function name must be a string
#0 C:\xampp\htdocs\Penyakit Tanaman\system\CodeIgniter.php(824): App\Controllers\Login->auth()
#1 C:\xampp\htdocs\Penyakit Tanaman\system\CodeIgniter.php(410): CodeIgniter\CodeIgniter->runController(Object(App\Controllers\Login))
#2 C:\xampp\htdocs\Penyakit Tanaman\system\CodeIgniter.php(318): CodeIgniter\CodeIgniter->handleRequest(NULL, Object(Config\Cache), false)
#3 C:\xampp\htdocs\Penyakit Tanaman\public\index.php(37): CodeIgniter\CodeIgniter->run()
#4 C:\xampp\htdocs\Penyakit Tanaman\system\Commands\Server\rewrite.php(43): require_once('C:\\xampp\\htdocs...')
#5 {main}
CRITICAL - 2021-12-08 15:10:12 --> Function name must be a string
#0 C:\xampp\htdocs\Penyakit Tanaman\system\CodeIgniter.php(824): App\Controllers\Login->auth()
#1 C:\xampp\htdocs\Penyakit Tanaman\system\CodeIgniter.php(410): CodeIgniter\CodeIgniter->runController(Object(App\Controllers\Login))
#2 C:\xampp\htdocs\Penyakit Tanaman\system\CodeIgniter.php(318): CodeIgniter\CodeIgniter->handleRequest(NULL, Object(Config\Cache), false)
#3 C:\xampp\htdocs\Penyakit Tanaman\public\index.php(37): CodeIgniter\CodeIgniter->run()
#4 C:\xampp\htdocs\Penyakit Tanaman\system\Commands\Server\rewrite.php(43): require_once('C:\\xampp\\htdocs...')
#5 {main}
CRITICAL - 2021-12-08 15:10:45 --> Function name must be a string
#0 C:\xampp\htdocs\Penyakit Tanaman\system\CodeIgniter.php(824): App\Controllers\Login->auth()
#1 C:\xampp\htdocs\Penyakit Tanaman\system\CodeIgniter.php(410): CodeIgniter\CodeIgniter->runController(Object(App\Controllers\Login))
#2 C:\xampp\htdocs\Penyakit Tanaman\system\CodeIgniter.php(318): CodeIgniter\CodeIgniter->handleRequest(NULL, Object(Config\Cache), false)
#3 C:\xampp\htdocs\Penyakit Tanaman\public\index.php(37): CodeIgniter\CodeIgniter->run()
#4 C:\xampp\htdocs\Penyakit Tanaman\system\Commands\Server\rewrite.php(43): require_once('C:\\xampp\\htdocs...')
#5 {main}
CRITICAL - 2021-12-08 15:10:47 --> Function name must be a string
#0 C:\xampp\htdocs\Penyakit Tanaman\system\CodeIgniter.php(824): App\Controllers\Login->auth()
#1 C:\xampp\htdocs\Penyakit Tanaman\system\CodeIgniter.php(410): CodeIgniter\CodeIgniter->runController(Object(App\Controllers\Login))
#2 C:\xampp\htdocs\Penyakit Tanaman\system\CodeIgniter.php(318): CodeIgniter\CodeIgniter->handleRequest(NULL, Object(Config\Cache), false)
#3 C:\xampp\htdocs\Penyakit Tanaman\public\index.php(37): CodeIgniter\CodeIgniter->run()
#4 C:\xampp\htdocs\Penyakit Tanaman\system\Commands\Server\rewrite.php(43): require_once('C:\\xampp\\htdocs...')
#5 {main}
CRITICAL - 2021-12-08 15:10:50 --> Function name must be a string
#0 C:\xampp\htdocs\Penyakit Tanaman\system\CodeIgniter.php(824): App\Controllers\Login->auth()
#1 C:\xampp\htdocs\Penyakit Tanaman\system\CodeIgniter.php(410): CodeIgniter\CodeIgniter->runController(Object(App\Controllers\Login))
#2 C:\xampp\htdocs\Penyakit Tanaman\system\CodeIgniter.php(318): CodeIgniter\CodeIgniter->handleRequest(NULL, Object(Config\Cache), false)
#3 C:\xampp\htdocs\Penyakit Tanaman\public\index.php(37): CodeIgniter\CodeIgniter->run()
#4 C:\xampp\htdocs\Penyakit Tanaman\system\Commands\Server\rewrite.php(43): require_once('C:\\xampp\\htdocs...')
#5 {main}
CRITICAL - 2021-12-08 15:10:59 --> Function name must be a string
#0 C:\xampp\htdocs\Penyakit Tanaman\system\CodeIgniter.php(824): App\Controllers\Login->auth()
#1 C:\xampp\htdocs\Penyakit Tanaman\system\CodeIgniter.php(410): CodeIgniter\CodeIgniter->runController(Object(App\Controllers\Login))
#2 C:\xampp\htdocs\Penyakit Tanaman\system\CodeIgniter.php(318): CodeIgniter\CodeIgniter->handleRequest(NULL, Object(Config\Cache), false)
#3 C:\xampp\htdocs\Penyakit Tanaman\public\index.php(37): CodeIgniter\CodeIgniter->run()
#4 C:\xampp\htdocs\Penyakit Tanaman\system\Commands\Server\rewrite.php(43): require_once('C:\\xampp\\htdocs...')
#5 {main}
CRITICAL - 2021-12-08 15:11:15 --> Function name must be a string
#0 C:\xampp\htdocs\Penyakit Tanaman\system\CodeIgniter.php(824): App\Controllers\Login->auth()
#1 C:\xampp\htdocs\Penyakit Tanaman\system\CodeIgniter.php(410): CodeIgniter\CodeIgniter->runController(Object(App\Controllers\Login))
#2 C:\xampp\htdocs\Penyakit Tanaman\system\CodeIgniter.php(318): CodeIgniter\CodeIgniter->handleRequest(NULL, Object(Config\Cache), false)
#3 C:\xampp\htdocs\Penyakit Tanaman\public\index.php(37): CodeIgniter\CodeIgniter->run()
#4 C:\xampp\htdocs\Penyakit Tanaman\system\Commands\Server\rewrite.php(43): require_once('C:\\xampp\\htdocs...')
#5 {main}
CRITICAL - 2021-12-08 15:11:53 --> Function name must be a string
#0 C:\xampp\htdocs\Penyakit Tanaman\system\CodeIgniter.php(824): App\Controllers\Login->auth()
#1 C:\xampp\htdocs\Penyakit Tanaman\system\CodeIgniter.php(410): CodeIgniter\CodeIgniter->runController(Object(App\Controllers\Login))
#2 C:\xampp\htdocs\Penyakit Tanaman\system\CodeIgniter.php(318): CodeIgniter\CodeIgniter->handleRequest(NULL, Object(Config\Cache), false)
#3 C:\xampp\htdocs\Penyakit Tanaman\public\index.php(37): CodeIgniter\CodeIgniter->run()
#4 C:\xampp\htdocs\Penyakit Tanaman\system\Commands\Server\rewrite.php(43): require_once('C:\\xampp\\htdocs...')
#5 {main}
CRITICAL - 2021-12-08 15:12:04 --> Function name must be a string
#0 C:\xampp\htdocs\Penyakit Tanaman\system\CodeIgniter.php(824): App\Controllers\Login->auth()
#1 C:\xampp\htdocs\Penyakit Tanaman\system\CodeIgniter.php(410): CodeIgniter\CodeIgniter->runController(Object(App\Controllers\Login))
#2 C:\xampp\htdocs\Penyakit Tanaman\system\CodeIgniter.php(318): CodeIgniter\CodeIgniter->handleRequest(NULL, Object(Config\Cache), false)
#3 C:\xampp\htdocs\Penyakit Tanaman\public\index.php(37): CodeIgniter\CodeIgniter->run()
#4 C:\xampp\htdocs\Penyakit Tanaman\system\Commands\Server\rewrite.php(43): require_once('C:\\xampp\\htdocs...')
#5 {main}
CRITICAL - 2021-12-08 15:12:09 --> Function name must be a string
#0 C:\xampp\htdocs\Penyakit Tanaman\system\CodeIgniter.php(824): App\Controllers\Login->auth()
#1 C:\xampp\htdocs\Penyakit Tanaman\system\CodeIgniter.php(410): CodeIgniter\CodeIgniter->runController(Object(App\Controllers\Login))
#2 C:\xampp\htdocs\Penyakit Tanaman\system\CodeIgniter.php(318): CodeIgniter\CodeIgniter->handleRequest(NULL, Object(Config\Cache), false)
#3 C:\xampp\htdocs\Penyakit Tanaman\public\index.php(37): CodeIgniter\CodeIgniter->run()
#4 C:\xampp\htdocs\Penyakit Tanaman\system\Commands\Server\rewrite.php(43): require_once('C:\\xampp\\htdocs...')
#5 {main}
